[0.238s] DEBUG:colcon:Command line arguments: ['/usr/bin/colcon', 'build', '--symlink-install']
[0.239s] DEBUG:colcon:Parsed command line arguments: Namespace(log_base=None, log_level=None, verb_name='build', build_base='build', install_base='install', merge_install=False, symlink_install=True, test_result_base=None, continue_on_error=False, executor='parallel', parallel_workers=8, event_handlers=None, ignore_user_meta=False, metas=['./colcon.meta'], base_paths=['.'], packages_ignore=None, packages_ignore_regex=None, paths=None, packages_up_to=None, packages_up_to_regex=None, packages_above=None, packages_above_and_dependencies=None, packages_above_depth=None, packages_select_by_dep=None, packages_skip_by_dep=None, packages_skip_up_to=None, packages_select_build_failed=False, packages_skip_build_finished=False, packages_select_test_failures=False, packages_skip_test_passed=False, packages_select=None, packages_skip=None, packages_select_regex=None, packages_skip_regex=None, packages_start=None, packages_end=None, allow_overriding=[], cmake_args=None, cmake_target=None, cmake_target_skip_unavailable=False, cmake_clean_cache=False, cmake_clean_first=False, cmake_force_configure=False, ament_cmake_args=None, catkin_cmake_args=None, catkin_skip_building_tests=False, verb_parser=<colcon_defaults.argument_parser.defaults.DefaultArgumentsDecorator object at 0x79b7703e7f70>, verb_extension=<colcon_core.verb.build.BuildVerb object at 0x79b7703e63b0>, main=<bound method BuildVerb.main of <colcon_core.verb.build.BuildVerb object at 0x79b7703e63b0>>)
[0.485s] Level 1:colcon.colcon_core.package_discovery:discover_packages(colcon_meta) check parameters
[0.485s] Level 1:colcon.colcon_core.package_discovery:discover_packages(recursive) check parameters
[0.485s] Level 1:colcon.colcon_core.package_discovery:discover_packages(ignore) check parameters
[0.485s] Level 1:colcon.colcon_core.package_discovery:discover_packages(path) check parameters
[0.485s] Level 1:colcon.colcon_core.package_discovery:discover_packages(colcon_meta) discover
[0.485s] Level 1:colcon.colcon_core.package_discovery:discover_packages(recursive) discover
[0.485s] INFO:colcon.colcon_core.package_discovery:Crawling recursively for packages in '/home/roboticslab/wmr_smc_project/ros2_ws'
[0.485s] Level 1:colcon.colcon_core.package_identification:_identify(.) by extensions ['ignore', 'ignore_ament_install']
[0.486s] Level 1:colcon.colcon_core.package_identification:_identify(.) by extension 'ignore'
[0.486s] Level 1:colcon.colcon_core.package_identification:_identify(.) by extension 'ignore_ament_install'
[0.486s] Level 1:colcon.colcon_core.package_identification:_identify(.) by extensions ['colcon_pkg']
[0.486s] Level 1:colcon.colcon_core.package_identification:_identify(.) by extension 'colcon_pkg'
[0.486s] Level 1:colcon.colcon_core.package_identification:_identify(.) by extensions ['colcon_meta']
[0.486s] Level 1:colcon.colcon_core.package_identification:_identify(.) by extension 'colcon_meta'
[0.486s] Level 1:colcon.colcon_core.package_identification:_identify(.) by extensions ['ros']
[0.486s] Level 1:colcon.colcon_core.package_identification:_identify(.) by extension 'ros'
[0.496s] Level 1:colcon.colcon_core.package_identification:_identify(.) by extensions ['cmake', 'python']
[0.496s] Level 1:colcon.colcon_core.package_identification:_identify(.) by extension 'cmake'
[0.497s] Level 1:colcon.colcon_core.package_identification:_identify(.) by extension 'python'
[0.497s] Level 1:colcon.colcon_core.package_identification:_identify(.) by extensions ['python_setup_py']
[0.497s] Level 1:colcon.colcon_core.package_identification:_identify(.) by extension 'python_setup_py'
[0.497s] Level 1:colcon.colcon_core.package_identification:_identify(build) by extensions ['ignore', 'ignore_ament_install']
[0.497s] Level 1:colcon.colcon_core.package_identification:_identify(build) by extension 'ignore'
[0.497s] Level 1:colcon.colcon_core.package_identification:_identify(build) ignored
[0.497s] Level 1:colcon.colcon_core.package_identification:_identify(install) by extensions ['ignore', 'ignore_ament_install']
[0.497s] Level 1:colcon.colcon_core.package_identification:_identify(install) by extension 'ignore'
[0.497s] Level 1:colcon.colcon_core.package_identification:_identify(install) ignored
[0.497s] Level 1:colcon.colcon_core.package_identification:_identify(log) by extensions ['ignore', 'ignore_ament_install']
[0.497s] Level 1:colcon.colcon_core.package_identification:_identify(log) by extension 'ignore'
[0.497s] Level 1:colcon.colcon_core.package_identification:_identify(log) ignored
[0.498s] Level 1:colcon.colcon_core.package_identification:_identify(src) by extensions ['ignore', 'ignore_ament_install']
[0.498s] Level 1:colcon.colcon_core.package_identification:_identify(src) by extension 'ignore'
[0.498s] Level 1:colcon.colcon_core.package_identification:_identify(src) by extension 'ignore_ament_install'
[0.498s] Level 1:colcon.colcon_core.package_identification:_identify(src) by extensions ['colcon_pkg']
[0.498s] Level 1:colcon.colcon_core.package_identification:_identify(src) by extension 'colcon_pkg'
[0.498s] Level 1:colcon.colcon_core.package_identification:_identify(src) by extensions ['colcon_meta']
[0.498s] Level 1:colcon.colcon_core.package_identification:_identify(src) by extension 'colcon_meta'
[0.498s] Level 1:colcon.colcon_core.package_identification:_identify(src) by extensions ['ros']
[0.498s] Level 1:colcon.colcon_core.package_identification:_identify(src) by extension 'ros'
[0.498s] Level 1:colcon.colcon_core.package_identification:_identify(src) by extensions ['cmake', 'python']
[0.498s] Level 1:colcon.colcon_core.package_identification:_identify(src) by extension 'cmake'
[0.498s] Level 1:colcon.colcon_core.package_identification:_identify(src) by extension 'python'
[0.498s] Level 1:colcon.colcon_core.package_identification:_identify(src) by extensions ['python_setup_py']
[0.498s] Level 1:colcon.colcon_core.package_identification:_identify(src) by extension 'python_setup_py'
[0.498s] Level 1:colcon.colcon_core.package_identification:_identify(src/turtlebot3_simulations) by extensions ['ignore', 'ignore_ament_install']
[0.498s] Level 1:colcon.colcon_core.package_identification:_identify(src/turtlebot3_simulations) by extension 'ignore'
[0.499s] Level 1:colcon.colcon_core.package_identification:_identify(src/turtlebot3_simulations) by extension 'ignore_ament_install'
[0.499s] Level 1:colcon.colcon_core.package_identification:_identify(src/turtlebot3_simulations) by extensions ['colcon_pkg']
[0.499s] Level 1:colcon.colcon_core.package_identification:_identify(src/turtlebot3_simulations) by extension 'colcon_pkg'
[0.499s] Level 1:colcon.colcon_core.package_identification:_identify(src/turtlebot3_simulations) by extensions ['colcon_meta']
[0.499s] Level 1:colcon.colcon_core.package_identification:_identify(src/turtlebot3_simulations) by extension 'colcon_meta'
[0.499s] Level 1:colcon.colcon_core.package_identification:_identify(src/turtlebot3_simulations) by extensions ['ros']
[0.499s] Level 1:colcon.colcon_core.package_identification:_identify(src/turtlebot3_simulations) by extension 'ros'
[0.499s] Level 1:colcon.colcon_core.package_identification:_identify(src/turtlebot3_simulations) by extensions ['cmake', 'python']
[0.499s] Level 1:colcon.colcon_core.package_identification:_identify(src/turtlebot3_simulations) by extension 'cmake'
[0.499s] Level 1:colcon.colcon_core.package_identification:_identify(src/turtlebot3_simulations) by extension 'python'
[0.499s] Level 1:colcon.colcon_core.package_identification:_identify(src/turtlebot3_simulations) by extensions ['python_setup_py']
[0.499s] Level 1:colcon.colcon_core.package_identification:_identify(src/turtlebot3_simulations) by extension 'python_setup_py'
[0.499s] Level 1:colcon.colcon_core.package_identification:_identify(src/turtlebot3_simulations/turtlebot3_fake_node) by extensions ['ignore', 'ignore_ament_install']
[0.499s] Level 1:colcon.colcon_core.package_identification:_identify(src/turtlebot3_simulations/turtlebot3_fake_node) by extension 'ignore'
[0.499s] Level 1:colcon.colcon_core.package_identification:_identify(src/turtlebot3_simulations/turtlebot3_fake_node) ignored
[0.499s] Level 1:colcon.colcon_core.package_identification:_identify(src/turtlebot3_simulations/turtlebot3_gazebo) by extensions ['ignore', 'ignore_ament_install']
[0.500s] Level 1:colcon.colcon_core.package_identification:_identify(src/turtlebot3_simulations/turtlebot3_gazebo) by extension 'ignore'
[0.500s] Level 1:colcon.colcon_core.package_identification:_identify(src/turtlebot3_simulations/turtlebot3_gazebo) by extension 'ignore_ament_install'
[0.500s] Level 1:colcon.colcon_core.package_identification:_identify(src/turtlebot3_simulations/turtlebot3_gazebo) by extensions ['colcon_pkg']
[0.500s] Level 1:colcon.colcon_core.package_identification:_identify(src/turtlebot3_simulations/turtlebot3_gazebo) by extension 'colcon_pkg'
[0.500s] Level 1:colcon.colcon_core.package_identification:_identify(src/turtlebot3_simulations/turtlebot3_gazebo) by extensions ['colcon_meta']
[0.500s] Level 1:colcon.colcon_core.package_identification:_identify(src/turtlebot3_simulations/turtlebot3_gazebo) by extension 'colcon_meta'
[0.500s] Level 1:colcon.colcon_core.package_identification:_identify(src/turtlebot3_simulations/turtlebot3_gazebo) by extensions ['ros']
[0.500s] Level 1:colcon.colcon_core.package_identification:_identify(src/turtlebot3_simulations/turtlebot3_gazebo) by extension 'ros'
[0.503s] DEBUG:colcon.colcon_core.package_identification:Package 'src/turtlebot3_simulations/turtlebot3_gazebo' with type 'ros.ament_cmake' and name 'turtlebot3_gazebo'
[0.503s] Level 1:colcon.colcon_core.package_identification:_identify(src/turtlebot3_simulations/turtlebot3_simulations) by extensions ['ignore', 'ignore_ament_install']
[0.504s] Level 1:colcon.colcon_core.package_identification:_identify(src/turtlebot3_simulations/turtlebot3_simulations) by extension 'ignore'
[0.504s] Level 1:colcon.colcon_core.package_identification:_identify(src/turtlebot3_simulations/turtlebot3_simulations) by extension 'ignore_ament_install'
[0.504s] Level 1:colcon.colcon_core.package_identification:_identify(src/turtlebot3_simulations/turtlebot3_simulations) by extensions ['colcon_pkg']
[0.504s] Level 1:colcon.colcon_core.package_identification:_identify(src/turtlebot3_simulations/turtlebot3_simulations) by extension 'colcon_pkg'
[0.504s] Level 1:colcon.colcon_core.package_identification:_identify(src/turtlebot3_simulations/turtlebot3_simulations) by extensions ['colcon_meta']
[0.504s] Level 1:colcon.colcon_core.package_identification:_identify(src/turtlebot3_simulations/turtlebot3_simulations) by extension 'colcon_meta'
[0.504s] Level 1:colcon.colcon_core.package_identification:_identify(src/turtlebot3_simulations/turtlebot3_simulations) by extensions ['ros']
[0.504s] Level 1:colcon.colcon_core.package_identification:_identify(src/turtlebot3_simulations/turtlebot3_simulations) by extension 'ros'
[0.504s] DEBUG:colcon.colcon_core.package_identification:Package 'src/turtlebot3_simulations/turtlebot3_simulations' with type 'ros.ament_cmake' and name 'turtlebot3_simulations'
[0.505s] Level 1:colcon.colcon_core.package_identification:_identify(src/wmr_controller) by extensions ['ignore', 'ignore_ament_install']
[0.505s] Level 1:colcon.colcon_core.package_identification:_identify(src/wmr_controller) by extension 'ignore'
[0.505s] Level 1:colcon.colcon_core.package_identification:_identify(src/wmr_controller) by extension 'ignore_ament_install'
[0.505s] Level 1:colcon.colcon_core.package_identification:_identify(src/wmr_controller) by extensions ['colcon_pkg']
[0.505s] Level 1:colcon.colcon_core.package_identification:_identify(src/wmr_controller) by extension 'colcon_pkg'
[0.505s] Level 1:colcon.colcon_core.package_identification:_identify(src/wmr_controller) by extensions ['colcon_meta']
[0.505s] Level 1:colcon.colcon_core.package_identification:_identify(src/wmr_controller) by extension 'colcon_meta'
[0.505s] Level 1:colcon.colcon_core.package_identification:_identify(src/wmr_controller) by extensions ['ros']
[0.505s] Level 1:colcon.colcon_core.package_identification:_identify(src/wmr_controller) by extension 'ros'
[0.506s] DEBUG:colcon.colcon_core.package_identification:Package 'src/wmr_controller' with type 'ros.ament_python' and name 'wmr_controller'
[0.506s] Level 1:colcon.colcon_core.package_discovery:discover_packages(recursive) using defaults
[0.506s] Level 1:colcon.colcon_core.package_discovery:discover_packages(ignore) discover
[0.506s] Level 1:colcon.colcon_core.package_discovery:discover_packages(ignore) using defaults
[0.506s] Level 1:colcon.colcon_core.package_discovery:discover_packages(path) discover
[0.506s] Level 1:colcon.colcon_core.package_discovery:discover_packages(path) using defaults
[0.547s] Level 1:colcon.colcon_core.package_discovery:discover_packages(prefix_path) check parameters
[0.547s] Level 1:colcon.colcon_core.package_discovery:discover_packages(prefix_path) discover
[0.552s] DEBUG:colcon.colcon_installed_package_information.package_discovery:Found 425 installed packages in /opt/ros/humble
[0.554s] Level 1:colcon.colcon_core.package_discovery:discover_packages(prefix_path) using defaults
[0.609s] Level 5:colcon.colcon_core.verb:set package 'turtlebot3_gazebo' build argument 'cmake_args' from command line to 'None'
[0.609s] Level 5:colcon.colcon_core.verb:set package 'turtlebot3_gazebo' build argument 'cmake_target' from command line to 'None'
[0.609s] Level 5:colcon.colcon_core.verb:set package 'turtlebot3_gazebo' build argument 'cmake_target_skip_unavailable' from command line to 'False'
[0.609s] Level 5:colcon.colcon_core.verb:set package 'turtlebot3_gazebo' build argument 'cmake_clean_cache' from command line to 'False'
[0.609s] Level 5:colcon.colcon_core.verb:set package 'turtlebot3_gazebo' build argument 'cmake_clean_first' from command line to 'False'
[0.609s] Level 5:colcon.colcon_core.verb:set package 'turtlebot3_gazebo' build argument 'cmake_force_configure' from command line to 'False'
[0.609s] Level 5:colcon.colcon_core.verb:set package 'turtlebot3_gazebo' build argument 'ament_cmake_args' from command line to 'None'
[0.609s] Level 5:colcon.colcon_core.verb:set package 'turtlebot3_gazebo' build argument 'catkin_cmake_args' from command line to 'None'
[0.609s] Level 5:colcon.colcon_core.verb:set package 'turtlebot3_gazebo' build argument 'catkin_skip_building_tests' from command line to 'False'
[0.609s] DEBUG:colcon.colcon_core.verb:Building package 'turtlebot3_gazebo' with the following arguments: {'ament_cmake_args': None, 'build_base': '/home/roboticslab/wmr_smc_project/ros2_ws/build/turtlebot3_gazebo', 'catkin_cmake_args': None, 'catkin_skip_building_tests': False, 'cmake_args': None, 'cmake_clean_cache': False, 'cmake_clean_first': False, 'cmake_force_configure': False, 'cmake_target': None, 'cmake_target_skip_unavailable': False, 'install_base': '/home/roboticslab/wmr_smc_project/ros2_ws/install/turtlebot3_gazebo', 'merge_install': False, 'path': '/home/roboticslab/wmr_smc_project/ros2_ws/src/turtlebot3_simulations/turtlebot3_gazebo', 'symlink_install': True, 'test_result_base': None}
[0.609s] Level 5:colcon.colcon_core.verb:set package 'wmr_controller' build argument 'cmake_args' from command line to 'None'
[0.609s] Level 5:colcon.colcon_core.verb:set package 'wmr_controller' build argument 'cmake_target' from command line to 'None'
[0.609s] Level 5:colcon.colcon_core.verb:set package 'wmr_controller' build argument 'cmake_target_skip_unavailable' from command line to 'False'
[0.609s] Level 5:colcon.colcon_core.verb:set package 'wmr_controller' build argument 'cmake_clean_cache' from command line to 'False'
[0.609s] Level 5:colcon.colcon_core.verb:set package 'wmr_controller' build argument 'cmake_clean_first' from command line to 'False'
[0.609s] Level 5:colcon.colcon_core.verb:set package 'wmr_controller' build argument 'cmake_force_configure' from command line to 'False'
[0.609s] Level 5:colcon.colcon_core.verb:set package 'wmr_controller' build argument 'ament_cmake_args' from command line to 'None'
[0.610s] Level 5:colcon.colcon_core.verb:set package 'wmr_controller' build argument 'catkin_cmake_args' from command line to 'None'
[0.610s] Level 5:colcon.colcon_core.verb:set package 'wmr_controller' build argument 'catkin_skip_building_tests' from command line to 'False'
[0.610s] DEBUG:colcon.colcon_core.verb:Building package 'wmr_controller' with the following arguments: {'ament_cmake_args': None, 'build_base': '/home/roboticslab/wmr_smc_project/ros2_ws/build/wmr_controller', 'catkin_cmake_args': None, 'catkin_skip_building_tests': False, 'cmake_args': None, 'cmake_clean_cache': False, 'cmake_clean_first': False, 'cmake_force_configure': False, 'cmake_target': None, 'cmake_target_skip_unavailable': False, 'install_base': '/home/roboticslab/wmr_smc_project/ros2_ws/install/wmr_controller', 'merge_install': False, 'path': '/home/roboticslab/wmr_smc_project/ros2_ws/src/wmr_controller', 'symlink_install': True, 'test_result_base': None}
[0.610s] Level 5:colcon.colcon_core.verb:set package 'turtlebot3_simulations' build argument 'cmake_args' from command line to 'None'
[0.610s] Level 5:colcon.colcon_core.verb:set package 'turtlebot3_simulations' build argument 'cmake_target' from command line to 'None'
[0.610s] Level 5:colcon.colcon_core.verb:set package 'turtlebot3_simulations' build argument 'cmake_target_skip_unavailable' from command line to 'False'
[0.610s] Level 5:colcon.colcon_core.verb:set package 'turtlebot3_simulations' build argument 'cmake_clean_cache' from command line to 'False'
[0.610s] Level 5:colcon.colcon_core.verb:set package 'turtlebot3_simulations' build argument 'cmake_clean_first' from command line to 'False'
[0.610s] Level 5:colcon.colcon_core.verb:set package 'turtlebot3_simulations' build argument 'cmake_force_configure' from command line to 'False'
[0.610s] Level 5:colcon.colcon_core.verb:set package 'turtlebot3_simulations' build argument 'ament_cmake_args' from command line to 'None'
[0.610s] Level 5:colcon.colcon_core.verb:set package 'turtlebot3_simulations' build argument 'catkin_cmake_args' from command line to 'None'
[0.610s] Level 5:colcon.colcon_core.verb:set package 'turtlebot3_simulations' build argument 'catkin_skip_building_tests' from command line to 'False'
[0.610s] DEBUG:colcon.colcon_core.verb:Building package 'turtlebot3_simulations' with the following arguments: {'ament_cmake_args': None, 'build_base': '/home/roboticslab/wmr_smc_project/ros2_ws/build/turtlebot3_simulations', 'catkin_cmake_args': None, 'catkin_skip_building_tests': False, 'cmake_args': None, 'cmake_clean_cache': False, 'cmake_clean_first': False, 'cmake_force_configure': False, 'cmake_target': None, 'cmake_target_skip_unavailable': False, 'install_base': '/home/roboticslab/wmr_smc_project/ros2_ws/install/turtlebot3_simulations', 'merge_install': False, 'path': '/home/roboticslab/wmr_smc_project/ros2_ws/src/turtlebot3_simulations/turtlebot3_simulations', 'symlink_install': True, 'test_result_base': None}
[0.610s] INFO:colcon.colcon_core.executor:Executing jobs using 'parallel' executor
[0.611s] DEBUG:colcon.colcon_parallel_executor.executor.parallel:run_until_complete
[0.612s] INFO:colcon.colcon_ros.task.ament_cmake.build:Building ROS package in '/home/roboticslab/wmr_smc_project/ros2_ws/src/turtlebot3_simulations/turtlebot3_gazebo' with build type 'ament_cmake'
[0.612s] INFO:colcon.colcon_cmake.task.cmake.build:Building CMake package in '/home/roboticslab/wmr_smc_project/ros2_ws/src/turtlebot3_simulations/turtlebot3_gazebo'
[0.618s] INFO:colcon.colcon_core.plugin_system:Skipping extension 'colcon_core.shell.bat': Not used on non-Windows systems
[0.618s] INFO:colcon.colcon_core.shell:Skip shell extension 'powershell' for command environment: Not usable outside of PowerShell
[0.618s] DEBUG:colcon.colcon_core.shell:Skip shell extension 'dsv' for command environment
[0.621s] INFO:colcon.colcon_ros.task.ament_python.build:Building ROS package in '/home/roboticslab/wmr_smc_project/ros2_ws/src/wmr_controller' with build type 'ament_python'
[0.622s] Level 1:colcon.colcon_core.shell:create_environment_hook('wmr_controller', 'ament_prefix_path')
[0.622s] INFO:colcon.colcon_core.shell:Creating environment hook '/home/roboticslab/wmr_smc_project/ros2_ws/install/wmr_controller/share/wmr_controller/hook/ament_prefix_path.ps1'
[0.623s] INFO:colcon.colcon_core.shell:Creating environment descriptor '/home/roboticslab/wmr_smc_project/ros2_ws/install/wmr_controller/share/wmr_controller/hook/ament_prefix_path.dsv'
[0.623s] INFO:colcon.colcon_core.shell:Creating environment hook '/home/roboticslab/wmr_smc_project/ros2_ws/install/wmr_controller/share/wmr_controller/hook/ament_prefix_path.sh'
[0.624s] INFO:colcon.colcon_core.shell:Skip shell extension 'powershell' for command environment: Not usable outside of PowerShell
[0.624s] DEBUG:colcon.colcon_core.shell:Skip shell extension 'dsv' for command environment
[0.629s] DEBUG:colcon.colcon_core.event_handler.log_command:Invoking command in '/home/roboticslab/wmr_smc_project/ros2_ws/build/turtlebot3_gazebo': CMAKE_PREFIX_PATH=/opt/ros/humble /usr/bin/cmake /home/roboticslab/wmr_smc_project/ros2_ws/src/turtlebot3_simulations/turtlebot3_gazebo -DAMENT_CMAKE_SYMLINK_INSTALL=1 -DCMAKE_INSTALL_PREFIX=/home/roboticslab/wmr_smc_project/ros2_ws/install/turtlebot3_gazebo
[0.907s] INFO:colcon.colcon_core.task.python.build:Building Python package in '/home/roboticslab/wmr_smc_project/ros2_ws/src/wmr_controller'
[0.907s] INFO:colcon.colcon_core.shell:Skip shell extension 'powershell' for command environment: Not usable outside of PowerShell
[0.907s] DEBUG:colcon.colcon_core.shell:Skip shell extension 'dsv' for command environment
[1.375s] DEBUG:colcon.colcon_core.event_handler.log_command:Invoking command in '/home/roboticslab/wmr_smc_project/ros2_ws/build/wmr_controller': PYTHONPATH=/home/roboticslab/wmr_smc_project/ros2_ws/build/wmr_controller/prefix_override:/usr/lib/python3/dist-packages/colcon_core/task/python/colcon_distutils_commands:/home/roboticslab/wmr_smc_project/ros2_ws/install/wmr_controller/lib/python3.10/site-packages:${PYTHONPATH} /usr/bin/python3 -W ignore:setup.py install is deprecated -W ignore:easy_install command is deprecated setup.py develop --editable --build-directory /home/roboticslab/wmr_smc_project/ros2_ws/build/wmr_controller/build --no-deps symlink_data
[1.874s] Level 1:colcon.colcon_core.shell:create_environment_hook('wmr_controller', 'pythonpath_develop')
[1.875s] INFO:colcon.colcon_core.shell:Creating environment hook '/home/roboticslab/wmr_smc_project/ros2_ws/build/wmr_controller/share/wmr_controller/hook/pythonpath_develop.ps1'
[1.875s] DEBUG:colcon.colcon_core.event_handler.log_command:Invoked command in '/home/roboticslab/wmr_smc_project/ros2_ws/build/wmr_controller' returned '0': PYTHONPATH=/home/roboticslab/wmr_smc_project/ros2_ws/build/wmr_controller/prefix_override:/usr/lib/python3/dist-packages/colcon_core/task/python/colcon_distutils_commands:/home/roboticslab/wmr_smc_project/ros2_ws/install/wmr_controller/lib/python3.10/site-packages:${PYTHONPATH} /usr/bin/python3 -W ignore:setup.py install is deprecated -W ignore:easy_install command is deprecated setup.py develop --editable --build-directory /home/roboticslab/wmr_smc_project/ros2_ws/build/wmr_controller/build --no-deps symlink_data
[1.876s] INFO:colcon.colcon_core.shell:Creating environment descriptor '/home/roboticslab/wmr_smc_project/ros2_ws/build/wmr_controller/share/wmr_controller/hook/pythonpath_develop.dsv'
[1.876s] INFO:colcon.colcon_core.shell:Creating environment hook '/home/roboticslab/wmr_smc_project/ros2_ws/build/wmr_controller/share/wmr_controller/hook/pythonpath_develop.sh'
[1.882s] Level 1:colcon.colcon_core.environment:checking '/home/roboticslab/wmr_smc_project/ros2_ws/install/wmr_controller' for CMake module files
[1.883s] Level 1:colcon.colcon_core.environment:checking '/home/roboticslab/wmr_smc_project/ros2_ws/install/wmr_controller' for CMake config files
[1.884s] Level 1:colcon.colcon_core.environment:checking '/home/roboticslab/wmr_smc_project/ros2_ws/install/wmr_controller/lib'
[1.884s] Level 1:colcon.colcon_core.environment:checking '/home/roboticslab/wmr_smc_project/ros2_ws/install/wmr_controller/bin'
[1.884s] Level 1:colcon.colcon_core.environment:checking '/home/roboticslab/wmr_smc_project/ros2_ws/install/wmr_controller/lib/pkgconfig/wmr_controller.pc'
[1.884s] Level 1:colcon.colcon_core.environment:checking '/home/roboticslab/wmr_smc_project/ros2_ws/install/wmr_controller/lib/python3.10/site-packages'
[1.884s] Level 1:colcon.colcon_core.shell:create_environment_hook('wmr_controller', 'pythonpath')
[1.884s] INFO:colcon.colcon_core.shell:Creating environment hook '/home/roboticslab/wmr_smc_project/ros2_ws/install/wmr_controller/share/wmr_controller/hook/pythonpath.ps1'
[1.885s] INFO:colcon.colcon_core.shell:Creating environment descriptor '/home/roboticslab/wmr_smc_project/ros2_ws/install/wmr_controller/share/wmr_controller/hook/pythonpath.dsv'
[1.885s] INFO:colcon.colcon_core.shell:Creating environment hook '/home/roboticslab/wmr_smc_project/ros2_ws/install/wmr_controller/share/wmr_controller/hook/pythonpath.sh'
[1.886s] Level 1:colcon.colcon_core.environment:checking '/home/roboticslab/wmr_smc_project/ros2_ws/install/wmr_controller/bin'
[1.886s] Level 1:colcon.colcon_core.environment:create_environment_scripts_only(wmr_controller)
[1.886s] INFO:colcon.colcon_core.shell:Creating package script '/home/roboticslab/wmr_smc_project/ros2_ws/install/wmr_controller/share/wmr_controller/package.ps1'
[1.887s] INFO:colcon.colcon_core.shell:Creating package descriptor '/home/roboticslab/wmr_smc_project/ros2_ws/install/wmr_controller/share/wmr_controller/package.dsv'
[1.888s] INFO:colcon.colcon_core.shell:Creating package script '/home/roboticslab/wmr_smc_project/ros2_ws/install/wmr_controller/share/wmr_controller/package.sh'
[1.888s] INFO:colcon.colcon_core.shell:Creating package script '/home/roboticslab/wmr_smc_project/ros2_ws/install/wmr_controller/share/wmr_controller/package.bash'
[1.889s] INFO:colcon.colcon_core.shell:Creating package script '/home/roboticslab/wmr_smc_project/ros2_ws/install/wmr_controller/share/wmr_controller/package.zsh'
[1.890s] Level 1:colcon.colcon_core.environment:create_file_with_runtime_dependencies(/home/roboticslab/wmr_smc_project/ros2_ws/install/wmr_controller/share/colcon-core/packages/wmr_controller)
[2.775s] DEBUG:colcon.colcon_core.event_handler.log_command:Invoked command in '/home/roboticslab/wmr_smc_project/ros2_ws/build/turtlebot3_gazebo' returned '0': CMAKE_PREFIX_PATH=/opt/ros/humble /usr/bin/cmake /home/roboticslab/wmr_smc_project/ros2_ws/src/turtlebot3_simulations/turtlebot3_gazebo -DAMENT_CMAKE_SYMLINK_INSTALL=1 -DCMAKE_INSTALL_PREFIX=/home/roboticslab/wmr_smc_project/ros2_ws/install/turtlebot3_gazebo
[2.777s] DEBUG:colcon.colcon_core.event_handler.log_command:Invoking command in '/home/roboticslab/wmr_smc_project/ros2_ws/build/turtlebot3_gazebo': CMAKE_PREFIX_PATH=/opt/ros/humble /usr/bin/cmake --build /home/roboticslab/wmr_smc_project/ros2_ws/build/turtlebot3_gazebo -- -j8 -l8
[24.196s] DEBUG:colcon.colcon_core.event_handler.log_command:Invoked command in '/home/roboticslab/wmr_smc_project/ros2_ws/build/turtlebot3_gazebo' returned '0': CMAKE_PREFIX_PATH=/opt/ros/humble /usr/bin/cmake --build /home/roboticslab/wmr_smc_project/ros2_ws/build/turtlebot3_gazebo -- -j8 -l8
[24.239s] DEBUG:colcon.colcon_core.event_handler.log_command:Invoking command in '/home/roboticslab/wmr_smc_project/ros2_ws/build/turtlebot3_gazebo': CMAKE_PREFIX_PATH=/opt/ros/humble /usr/bin/cmake --install /home/roboticslab/wmr_smc_project/ros2_ws/build/turtlebot3_gazebo
[25.460s] Level 1:colcon.colcon_core.environment:create_environment_scripts_only(turtlebot3_gazebo)
[25.467s] Level 1:colcon.colcon_core.environment:checking '/home/roboticslab/wmr_smc_project/ros2_ws/install/turtlebot3_gazebo' for CMake module files
[25.468s] DEBUG:colcon.colcon_core.event_handler.log_command:Invoked command in '/home/roboticslab/wmr_smc_project/ros2_ws/build/turtlebot3_gazebo' returned '0': CMAKE_PREFIX_PATH=/opt/ros/humble /usr/bin/cmake --install /home/roboticslab/wmr_smc_project/ros2_ws/build/turtlebot3_gazebo
[25.469s] Level 1:colcon.colcon_core.environment:checking '/home/roboticslab/wmr_smc_project/ros2_ws/install/turtlebot3_gazebo' for CMake config files
[25.470s] Level 1:colcon.colcon_core.shell:create_environment_hook('turtlebot3_gazebo', 'cmake_prefix_path')
[25.471s] INFO:colcon.colcon_core.shell:Creating environment hook '/home/roboticslab/wmr_smc_project/ros2_ws/install/turtlebot3_gazebo/share/turtlebot3_gazebo/hook/cmake_prefix_path.ps1'
[25.480s] INFO:colcon.colcon_core.shell:Creating environment descriptor '/home/roboticslab/wmr_smc_project/ros2_ws/install/turtlebot3_gazebo/share/turtlebot3_gazebo/hook/cmake_prefix_path.dsv'
[25.481s] INFO:colcon.colcon_core.shell:Creating environment hook '/home/roboticslab/wmr_smc_project/ros2_ws/install/turtlebot3_gazebo/share/turtlebot3_gazebo/hook/cmake_prefix_path.sh'
[25.485s] Level 1:colcon.colcon_core.environment:checking '/home/roboticslab/wmr_smc_project/ros2_ws/install/turtlebot3_gazebo/lib'
[25.485s] Level 1:colcon.colcon_core.environment:checking '/home/roboticslab/wmr_smc_project/ros2_ws/install/turtlebot3_gazebo/bin'
[25.485s] Level 1:colcon.colcon_core.environment:checking '/home/roboticslab/wmr_smc_project/ros2_ws/install/turtlebot3_gazebo/lib/pkgconfig/turtlebot3_gazebo.pc'
[25.490s] Level 1:colcon.colcon_core.environment:checking '/home/roboticslab/wmr_smc_project/ros2_ws/install/turtlebot3_gazebo/lib/python3.10/site-packages'
[25.491s] Level 1:colcon.colcon_core.environment:checking '/home/roboticslab/wmr_smc_project/ros2_ws/install/turtlebot3_gazebo/bin'
[25.491s] INFO:colcon.colcon_core.shell:Creating package script '/home/roboticslab/wmr_smc_project/ros2_ws/install/turtlebot3_gazebo/share/turtlebot3_gazebo/package.ps1'
[25.492s] INFO:colcon.colcon_core.shell:Creating package descriptor '/home/roboticslab/wmr_smc_project/ros2_ws/install/turtlebot3_gazebo/share/turtlebot3_gazebo/package.dsv'
[25.493s] INFO:colcon.colcon_core.shell:Creating package script '/home/roboticslab/wmr_smc_project/ros2_ws/install/turtlebot3_gazebo/share/turtlebot3_gazebo/package.sh'
[25.494s] INFO:colcon.colcon_core.shell:Creating package script '/home/roboticslab/wmr_smc_project/ros2_ws/install/turtlebot3_gazebo/share/turtlebot3_gazebo/package.bash'
[25.496s] INFO:colcon.colcon_core.shell:Creating package script '/home/roboticslab/wmr_smc_project/ros2_ws/install/turtlebot3_gazebo/share/turtlebot3_gazebo/package.zsh'
[25.497s] Level 1:colcon.colcon_core.environment:create_file_with_runtime_dependencies(/home/roboticslab/wmr_smc_project/ros2_ws/install/turtlebot3_gazebo/share/colcon-core/packages/turtlebot3_gazebo)
[25.498s] Level 1:colcon.colcon_core.environment:create_environment_scripts_only(turtlebot3_gazebo)
[25.499s] Level 1:colcon.colcon_core.environment:checking '/home/roboticslab/wmr_smc_project/ros2_ws/install/turtlebot3_gazebo' for CMake module files
[25.499s] Level 1:colcon.colcon_core.environment:checking '/home/roboticslab/wmr_smc_project/ros2_ws/install/turtlebot3_gazebo' for CMake config files
[25.500s] Level 1:colcon.colcon_core.shell:create_environment_hook('turtlebot3_gazebo', 'cmake_prefix_path')
[25.500s] INFO:colcon.colcon_core.shell:Creating environment hook '/home/roboticslab/wmr_smc_project/ros2_ws/install/turtlebot3_gazebo/share/turtlebot3_gazebo/hook/cmake_prefix_path.ps1'
[25.500s] INFO:colcon.colcon_core.shell:Creating environment descriptor '/home/roboticslab/wmr_smc_project/ros2_ws/install/turtlebot3_gazebo/share/turtlebot3_gazebo/hook/cmake_prefix_path.dsv'
[25.501s] INFO:colcon.colcon_core.shell:Creating environment hook '/home/roboticslab/wmr_smc_project/ros2_ws/install/turtlebot3_gazebo/share/turtlebot3_gazebo/hook/cmake_prefix_path.sh'
[25.501s] Level 1:colcon.colcon_core.environment:checking '/home/roboticslab/wmr_smc_project/ros2_ws/install/turtlebot3_gazebo/lib'
[25.502s] Level 1:colcon.colcon_core.environment:checking '/home/roboticslab/wmr_smc_project/ros2_ws/install/turtlebot3_gazebo/bin'
[25.502s] Level 1:colcon.colcon_core.environment:checking '/home/roboticslab/wmr_smc_project/ros2_ws/install/turtlebot3_gazebo/lib/pkgconfig/turtlebot3_gazebo.pc'
[25.502s] Level 1:colcon.colcon_core.environment:checking '/home/roboticslab/wmr_smc_project/ros2_ws/install/turtlebot3_gazebo/lib/python3.10/site-packages'
[25.502s] Level 1:colcon.colcon_core.environment:checking '/home/roboticslab/wmr_smc_project/ros2_ws/install/turtlebot3_gazebo/bin'
[25.502s] INFO:colcon.colcon_core.shell:Creating package script '/home/roboticslab/wmr_smc_project/ros2_ws/install/turtlebot3_gazebo/share/turtlebot3_gazebo/package.ps1'
[25.503s] INFO:colcon.colcon_core.shell:Creating package descriptor '/home/roboticslab/wmr_smc_project/ros2_ws/install/turtlebot3_gazebo/share/turtlebot3_gazebo/package.dsv'
[25.504s] INFO:colcon.colcon_core.shell:Creating package script '/home/roboticslab/wmr_smc_project/ros2_ws/install/turtlebot3_gazebo/share/turtlebot3_gazebo/package.sh'
[25.504s] INFO:colcon.colcon_core.shell:Creating package script '/home/roboticslab/wmr_smc_project/ros2_ws/install/turtlebot3_gazebo/share/turtlebot3_gazebo/package.bash'
[25.504s] INFO:colcon.colcon_core.shell:Creating package script '/home/roboticslab/wmr_smc_project/ros2_ws/install/turtlebot3_gazebo/share/turtlebot3_gazebo/package.zsh'
[25.505s] Level 1:colcon.colcon_core.environment:create_file_with_runtime_dependencies(/home/roboticslab/wmr_smc_project/ros2_ws/install/turtlebot3_gazebo/share/colcon-core/packages/turtlebot3_gazebo)
[25.509s] INFO:colcon.colcon_ros.task.ament_cmake.build:Building ROS package in '/home/roboticslab/wmr_smc_project/ros2_ws/src/turtlebot3_simulations/turtlebot3_simulations' with build type 'ament_cmake'
[25.510s] INFO:colcon.colcon_cmake.task.cmake.build:Building CMake package in '/home/roboticslab/wmr_smc_project/ros2_ws/src/turtlebot3_simulations/turtlebot3_simulations'
[25.510s] INFO:colcon.colcon_core.shell:Skip shell extension 'powershell' for command environment: Not usable outside of PowerShell
[25.511s] DEBUG:colcon.colcon_core.shell:Skip shell extension 'dsv' for command environment
[25.535s] DEBUG:colcon.colcon_core.event_handler.log_command:Invoking command in '/home/roboticslab/wmr_smc_project/ros2_ws/build/turtlebot3_simulations': AMENT_PREFIX_PATH=/home/roboticslab/wmr_smc_project/ros2_ws/install/turtlebot3_gazebo:${AMENT_PREFIX_PATH} CMAKE_PREFIX_PATH=/home/roboticslab/wmr_smc_project/ros2_ws/install/turtlebot3_gazebo:/opt/ros/humble /usr/bin/cmake /home/roboticslab/wmr_smc_project/ros2_ws/src/turtlebot3_simulations/turtlebot3_simulations -DAMENT_CMAKE_SYMLINK_INSTALL=1 -DCMAKE_INSTALL_PREFIX=/home/roboticslab/wmr_smc_project/ros2_ws/install/turtlebot3_simulations
[26.222s] DEBUG:colcon.colcon_core.event_handler.log_command:Invoked command in '/home/roboticslab/wmr_smc_project/ros2_ws/build/turtlebot3_simulations' returned '0': AMENT_PREFIX_PATH=/home/roboticslab/wmr_smc_project/ros2_ws/install/turtlebot3_gazebo:${AMENT_PREFIX_PATH} CMAKE_PREFIX_PATH=/home/roboticslab/wmr_smc_project/ros2_ws/install/turtlebot3_gazebo:/opt/ros/humble /usr/bin/cmake /home/roboticslab/wmr_smc_project/ros2_ws/src/turtlebot3_simulations/turtlebot3_simulations -DAMENT_CMAKE_SYMLINK_INSTALL=1 -DCMAKE_INSTALL_PREFIX=/home/roboticslab/wmr_smc_project/ros2_ws/install/turtlebot3_simulations
[26.222s] DEBUG:colcon.colcon_core.event_handler.log_command:Invoking command in '/home/roboticslab/wmr_smc_project/ros2_ws/build/turtlebot3_simulations': AMENT_PREFIX_PATH=/home/roboticslab/wmr_smc_project/ros2_ws/install/turtlebot3_gazebo:${AMENT_PREFIX_PATH} CMAKE_PREFIX_PATH=/home/roboticslab/wmr_smc_project/ros2_ws/install/turtlebot3_gazebo:/opt/ros/humble /usr/bin/cmake --build /home/roboticslab/wmr_smc_project/ros2_ws/build/turtlebot3_simulations -- -j8 -l8
[26.256s] DEBUG:colcon.colcon_core.event_handler.log_command:Invoked command in '/home/roboticslab/wmr_smc_project/ros2_ws/build/turtlebot3_simulations' returned '0': AMENT_PREFIX_PATH=/home/roboticslab/wmr_smc_project/ros2_ws/install/turtlebot3_gazebo:${AMENT_PREFIX_PATH} CMAKE_PREFIX_PATH=/home/roboticslab/wmr_smc_project/ros2_ws/install/turtlebot3_gazebo:/opt/ros/humble /usr/bin/cmake --build /home/roboticslab/wmr_smc_project/ros2_ws/build/turtlebot3_simulations -- -j8 -l8
[26.257s] DEBUG:colcon.colcon_core.event_handler.log_command:Invoking command in '/home/roboticslab/wmr_smc_project/ros2_ws/build/turtlebot3_simulations': AMENT_PREFIX_PATH=/home/roboticslab/wmr_smc_project/ros2_ws/install/turtlebot3_gazebo:${AMENT_PREFIX_PATH} CMAKE_PREFIX_PATH=/home/roboticslab/wmr_smc_project/ros2_ws/install/turtlebot3_gazebo:/opt/ros/humble /usr/bin/cmake --install /home/roboticslab/wmr_smc_project/ros2_ws/build/turtlebot3_simulations
[26.386s] Level 1:colcon.colcon_core.environment:create_environment_scripts_only(turtlebot3_simulations)
[26.386s] Level 1:colcon.colcon_core.environment:checking '/home/roboticslab/wmr_smc_project/ros2_ws/install/turtlebot3_simulations' for CMake module files
[26.387s] DEBUG:colcon.colcon_core.event_handler.log_command:Invoked command in '/home/roboticslab/wmr_smc_project/ros2_ws/build/turtlebot3_simulations' returned '0': AMENT_PREFIX_PATH=/home/roboticslab/wmr_smc_project/ros2_ws/install/turtlebot3_gazebo:${AMENT_PREFIX_PATH} CMAKE_PREFIX_PATH=/home/roboticslab/wmr_smc_project/ros2_ws/install/turtlebot3_gazebo:/opt/ros/humble /usr/bin/cmake --install /home/roboticslab/wmr_smc_project/ros2_ws/build/turtlebot3_simulations
[26.387s] Level 1:colcon.colcon_core.environment:checking '/home/roboticslab/wmr_smc_project/ros2_ws/install/turtlebot3_simulations' for CMake config files
[26.387s] Level 1:colcon.colcon_core.shell:create_environment_hook('turtlebot3_simulations', 'cmake_prefix_path')
[26.388s] INFO:colcon.colcon_core.shell:Creating environment hook '/home/roboticslab/wmr_smc_project/ros2_ws/install/turtlebot3_simulations/share/turtlebot3_simulations/hook/cmake_prefix_path.ps1'
[26.388s] INFO:colcon.colcon_core.shell:Creating environment descriptor '/home/roboticslab/wmr_smc_project/ros2_ws/install/turtlebot3_simulations/share/turtlebot3_simulations/hook/cmake_prefix_path.dsv'
[26.389s] INFO:colcon.colcon_core.shell:Creating environment hook '/home/roboticslab/wmr_smc_project/ros2_ws/install/turtlebot3_simulations/share/turtlebot3_simulations/hook/cmake_prefix_path.sh'
[26.389s] Level 1:colcon.colcon_core.environment:checking '/home/roboticslab/wmr_smc_project/ros2_ws/install/turtlebot3_simulations/bin'
[26.389s] Level 1:colcon.colcon_core.environment:checking '/home/roboticslab/wmr_smc_project/ros2_ws/install/turtlebot3_simulations/lib/pkgconfig/turtlebot3_simulations.pc'
[26.389s] Level 1:colcon.colcon_core.environment:checking '/home/roboticslab/wmr_smc_project/ros2_ws/install/turtlebot3_simulations/lib/python3.10/site-packages'
[26.390s] Level 1:colcon.colcon_core.environment:checking '/home/roboticslab/wmr_smc_project/ros2_ws/install/turtlebot3_simulations/bin'
[26.390s] INFO:colcon.colcon_core.shell:Creating package script '/home/roboticslab/wmr_smc_project/ros2_ws/install/turtlebot3_simulations/share/turtlebot3_simulations/package.ps1'
[26.391s] INFO:colcon.colcon_core.shell:Creating package descriptor '/home/roboticslab/wmr_smc_project/ros2_ws/install/turtlebot3_simulations/share/turtlebot3_simulations/package.dsv'
[26.391s] INFO:colcon.colcon_core.shell:Creating package script '/home/roboticslab/wmr_smc_project/ros2_ws/install/turtlebot3_simulations/share/turtlebot3_simulations/package.sh'
[26.391s] INFO:colcon.colcon_core.shell:Creating package script '/home/roboticslab/wmr_smc_project/ros2_ws/install/turtlebot3_simulations/share/turtlebot3_simulations/package.bash'
[26.392s] INFO:colcon.colcon_core.shell:Creating package script '/home/roboticslab/wmr_smc_project/ros2_ws/install/turtlebot3_simulations/share/turtlebot3_simulations/package.zsh'
[26.392s] Level 1:colcon.colcon_core.environment:create_file_with_runtime_dependencies(/home/roboticslab/wmr_smc_project/ros2_ws/install/turtlebot3_simulations/share/colcon-core/packages/turtlebot3_simulations)
[26.393s] Level 1:colcon.colcon_core.environment:create_environment_scripts_only(turtlebot3_simulations)
[26.393s] Level 1:colcon.colcon_core.environment:checking '/home/roboticslab/wmr_smc_project/ros2_ws/install/turtlebot3_simulations' for CMake module files
[26.393s] Level 1:colcon.colcon_core.environment:checking '/home/roboticslab/wmr_smc_project/ros2_ws/install/turtlebot3_simulations' for CMake config files
[26.394s] Level 1:colcon.colcon_core.shell:create_environment_hook('turtlebot3_simulations', 'cmake_prefix_path')
[26.394s] INFO:colcon.colcon_core.shell:Creating environment hook '/home/roboticslab/wmr_smc_project/ros2_ws/install/turtlebot3_simulations/share/turtlebot3_simulations/hook/cmake_prefix_path.ps1'
[26.394s] INFO:colcon.colcon_core.shell:Creating environment descriptor '/home/roboticslab/wmr_smc_project/ros2_ws/install/turtlebot3_simulations/share/turtlebot3_simulations/hook/cmake_prefix_path.dsv'
[26.395s] INFO:colcon.colcon_core.shell:Creating environment hook '/home/roboticslab/wmr_smc_project/ros2_ws/install/turtlebot3_simulations/share/turtlebot3_simulations/hook/cmake_prefix_path.sh'
[26.395s] Level 1:colcon.colcon_core.environment:checking '/home/roboticslab/wmr_smc_project/ros2_ws/install/turtlebot3_simulations/bin'
[26.395s] Level 1:colcon.colcon_core.environment:checking '/home/roboticslab/wmr_smc_project/ros2_ws/install/turtlebot3_simulations/lib/pkgconfig/turtlebot3_simulations.pc'
[26.395s] Level 1:colcon.colcon_core.environment:checking '/home/roboticslab/wmr_smc_project/ros2_ws/install/turtlebot3_simulations/lib/python3.10/site-packages'
[26.396s] Level 1:colcon.colcon_core.environment:checking '/home/roboticslab/wmr_smc_project/ros2_ws/install/turtlebot3_simulations/bin'
[26.396s] INFO:colcon.colcon_core.shell:Creating package script '/home/roboticslab/wmr_smc_project/ros2_ws/install/turtlebot3_simulations/share/turtlebot3_simulations/package.ps1'
[26.397s] INFO:colcon.colcon_core.shell:Creating package descriptor '/home/roboticslab/wmr_smc_project/ros2_ws/install/turtlebot3_simulations/share/turtlebot3_simulations/package.dsv'
[26.397s] INFO:colcon.colcon_core.shell:Creating package script '/home/roboticslab/wmr_smc_project/ros2_ws/install/turtlebot3_simulations/share/turtlebot3_simulations/package.sh'
[26.398s] INFO:colcon.colcon_core.shell:Creating package script '/home/roboticslab/wmr_smc_project/ros2_ws/install/turtlebot3_simulations/share/turtlebot3_simulations/package.bash'
[26.398s] INFO:colcon.colcon_core.shell:Creating package script '/home/roboticslab/wmr_smc_project/ros2_ws/install/turtlebot3_simulations/share/turtlebot3_simulations/package.zsh'
[26.399s] Level 1:colcon.colcon_core.environment:create_file_with_runtime_dependencies(/home/roboticslab/wmr_smc_project/ros2_ws/install/turtlebot3_simulations/share/colcon-core/packages/turtlebot3_simulations)
[26.399s] DEBUG:colcon.colcon_parallel_executor.executor.parallel:closing loop
[26.401s] DEBUG:colcon.colcon_parallel_executor.executor.parallel:loop closed
[26.401s] DEBUG:colcon.colcon_parallel_executor.executor.parallel:run_until_complete finished with '0'
[26.402s] DEBUG:colcon.colcon_core.event_reactor:joining thread
[26.438s] INFO:colcon.colcon_core.plugin_system:Skipping extension 'colcon_notification.desktop_notification.terminal_notifier': Not used on non-Darwin systems
[26.438s] INFO:colcon.colcon_core.plugin_system:Skipping extension 'colcon_notification.desktop_notification.win32': Not used on non-Windows systems
[26.438s] INFO:colcon.colcon_notification.desktop_notification:Sending desktop notification using 'notify2'
[26.451s] DEBUG:colcon.colcon_core.event_reactor:joined thread
[26.452s] INFO:colcon.colcon_core.shell:Creating prefix script '/home/roboticslab/wmr_smc_project/ros2_ws/install/local_setup.ps1'
[26.453s] INFO:colcon.colcon_core.shell:Creating prefix util module '/home/roboticslab/wmr_smc_project/ros2_ws/install/_local_setup_util_ps1.py'
[26.455s] INFO:colcon.colcon_core.shell:Creating prefix chain script '/home/roboticslab/wmr_smc_project/ros2_ws/install/setup.ps1'
[26.457s] INFO:colcon.colcon_core.shell:Creating prefix script '/home/roboticslab/wmr_smc_project/ros2_ws/install/local_setup.sh'
[26.458s] INFO:colcon.colcon_core.shell:Creating prefix util module '/home/roboticslab/wmr_smc_project/ros2_ws/install/_local_setup_util_sh.py'
[26.459s] INFO:colcon.colcon_core.shell:Creating prefix chain script '/home/roboticslab/wmr_smc_project/ros2_ws/install/setup.sh'
[26.460s] INFO:colcon.colcon_core.shell:Creating prefix script '/home/roboticslab/wmr_smc_project/ros2_ws/install/local_setup.bash'
[26.461s] INFO:colcon.colcon_core.shell:Creating prefix chain script '/home/roboticslab/wmr_smc_project/ros2_ws/install/setup.bash'
[26.462s] INFO:colcon.colcon_core.shell:Creating prefix script '/home/roboticslab/wmr_smc_project/ros2_ws/install/local_setup.zsh'
[26.462s] INFO:colcon.colcon_core.shell:Creating prefix chain script '/home/roboticslab/wmr_smc_project/ros2_ws/install/setup.zsh'
