[0.019s] Invoking command in '/home/roboticslab/wmr_smc_project/ros2_ws/build/turtlebot3_simulations': AMENT_PREFIX_PATH=/home/roboticslab/wmr_smc_project/ros2_ws/install/turtlebot3_gazebo:${AMENT_PREFIX_PATH} CMAKE_PREFIX_PATH=/home/roboticslab/wmr_smc_project/ros2_ws/install/turtlebot3_gazebo:/opt/ros/humble /usr/bin/cmake /home/roboticslab/wmr_smc_project/ros2_ws/src/turtlebot3_simulations/turtlebot3_simulations -DAMENT_CMAKE_SYMLINK_INSTALL=1 -DCMAKE_INSTALL_PREFIX=/home/roboticslab/wmr_smc_project/ros2_ws/install/turtlebot3_simulations
[0.070s] -- The C compiler identification is GNU 11.4.0
[0.129s] -- The CXX compiler identification is GNU 11.4.0
[0.139s] -- Detecting C compiler ABI info
[0.203s] -- Detecting C compiler ABI info - done
[0.211s] -- Check for working C compiler: /usr/bin/cc - skipped
[0.211s] -- Detecting C compile features
[0.212s] -- Detecting C compile features - done
[0.215s] -- Detecting CXX compiler ABI info
[0.291s] -- Detecting CXX compiler ABI info - done
[0.301s] -- Check for working CXX compiler: /usr/bin/c++ - skipped
[0.301s] -- Detecting CXX compile features
[0.301s] -- Detecting CXX compile features - done
[0.309s] -- Found ament_cmake: 1.3.12 (/opt/ros/humble/share/ament_cmake/cmake)
[0.488s] -- Found Python3: /usr/bin/python3 (found version "3.10.12") found components: Interpreter 
[0.574s] -- Override CMake install command with custom implementation using symlinks instead of copying resources
[0.696s] -- Configuring done
[0.699s] -- Generating done
[0.700s] -- Build files have been written to: /home/roboticslab/wmr_smc_project/ros2_ws/build/turtlebot3_simulations
[0.706s] Invoked command in '/home/roboticslab/wmr_smc_project/ros2_ws/build/turtlebot3_simulations' returned '0': AMENT_PREFIX_PATH=/home/roboticslab/wmr_smc_project/ros2_ws/install/turtlebot3_gazebo:${AMENT_PREFIX_PATH} CMAKE_PREFIX_PATH=/home/roboticslab/wmr_smc_project/ros2_ws/install/turtlebot3_gazebo:/opt/ros/humble /usr/bin/cmake /home/roboticslab/wmr_smc_project/ros2_ws/src/turtlebot3_simulations/turtlebot3_simulations -DAMENT_CMAKE_SYMLINK_INSTALL=1 -DCMAKE_INSTALL_PREFIX=/home/roboticslab/wmr_smc_project/ros2_ws/install/turtlebot3_simulations
[0.707s] Invoking command in '/home/roboticslab/wmr_smc_project/ros2_ws/build/turtlebot3_simulations': AMENT_PREFIX_PATH=/home/roboticslab/wmr_smc_project/ros2_ws/install/turtlebot3_gazebo:${AMENT_PREFIX_PATH} CMAKE_PREFIX_PATH=/home/roboticslab/wmr_smc_project/ros2_ws/install/turtlebot3_gazebo:/opt/ros/humble /usr/bin/cmake --build /home/roboticslab/wmr_smc_project/ros2_ws/build/turtlebot3_simulations -- -j8 -l8
[0.740s] Invoked command in '/home/roboticslab/wmr_smc_project/ros2_ws/build/turtlebot3_simulations' returned '0': AMENT_PREFIX_PATH=/home/roboticslab/wmr_smc_project/ros2_ws/install/turtlebot3_gazebo:${AMENT_PREFIX_PATH} CMAKE_PREFIX_PATH=/home/roboticslab/wmr_smc_project/ros2_ws/install/turtlebot3_gazebo:/opt/ros/humble /usr/bin/cmake --build /home/roboticslab/wmr_smc_project/ros2_ws/build/turtlebot3_simulations -- -j8 -l8
[0.742s] Invoking command in '/home/roboticslab/wmr_smc_project/ros2_ws/build/turtlebot3_simulations': AMENT_PREFIX_PATH=/home/roboticslab/wmr_smc_project/ros2_ws/install/turtlebot3_gazebo:${AMENT_PREFIX_PATH} CMAKE_PREFIX_PATH=/home/roboticslab/wmr_smc_project/ros2_ws/install/turtlebot3_gazebo:/opt/ros/humble /usr/bin/cmake --install /home/roboticslab/wmr_smc_project/ros2_ws/build/turtlebot3_simulations
[0.749s] -- Install configuration: ""
[0.749s] -- Execute custom install script
[0.749s] -- Symlinking: /home/roboticslab/wmr_smc_project/ros2_ws/install/turtlebot3_simulations/share/ament_index/resource_index/package_run_dependencies/turtlebot3_simulations
[0.758s] -- Symlinking: /home/roboticslab/wmr_smc_project/ros2_ws/install/turtlebot3_simulations/share/ament_index/resource_index/parent_prefix_path/turtlebot3_simulations
[0.766s] -- Symlinking: /home/roboticslab/wmr_smc_project/ros2_ws/install/turtlebot3_simulations/share/turtlebot3_simulations/environment/ament_prefix_path.sh
[0.774s] -- Symlinking: /home/roboticslab/wmr_smc_project/ros2_ws/install/turtlebot3_simulations/share/turtlebot3_simulations/environment/ament_prefix_path.dsv
[0.781s] -- Symlinking: /home/roboticslab/wmr_smc_project/ros2_ws/install/turtlebot3_simulations/share/turtlebot3_simulations/environment/path.sh
[0.789s] -- Symlinking: /home/roboticslab/wmr_smc_project/ros2_ws/install/turtlebot3_simulations/share/turtlebot3_simulations/environment/path.dsv
[0.797s] -- Symlinking: /home/roboticslab/wmr_smc_project/ros2_ws/install/turtlebot3_simulations/share/turtlebot3_simulations/local_setup.bash
[0.805s] -- Symlinking: /home/roboticslab/wmr_smc_project/ros2_ws/install/turtlebot3_simulations/share/turtlebot3_simulations/local_setup.sh
[0.813s] -- Symlinking: /home/roboticslab/wmr_smc_project/ros2_ws/install/turtlebot3_simulations/share/turtlebot3_simulations/local_setup.zsh
[0.821s] -- Symlinking: /home/roboticslab/wmr_smc_project/ros2_ws/install/turtlebot3_simulations/share/turtlebot3_simulations/local_setup.dsv
[0.829s] -- Symlinking: /home/roboticslab/wmr_smc_project/ros2_ws/install/turtlebot3_simulations/share/turtlebot3_simulations/package.dsv
[0.837s] -- Symlinking: /home/roboticslab/wmr_smc_project/ros2_ws/install/turtlebot3_simulations/share/ament_index/resource_index/packages/turtlebot3_simulations
[0.845s] -- Symlinking: /home/roboticslab/wmr_smc_project/ros2_ws/install/turtlebot3_simulations/share/turtlebot3_simulations/cmake/turtlebot3_simulationsConfig.cmake
[0.853s] -- Symlinking: /home/roboticslab/wmr_smc_project/ros2_ws/install/turtlebot3_simulations/share/turtlebot3_simulations/cmake/turtlebot3_simulationsConfig-version.cmake
[0.861s] -- Symlinking: /home/roboticslab/wmr_smc_project/ros2_ws/install/turtlebot3_simulations/share/turtlebot3_simulations/package.xml
[0.872s] Invoked command in '/home/roboticslab/wmr_smc_project/ros2_ws/build/turtlebot3_simulations' returned '0': AMENT_PREFIX_PATH=/home/roboticslab/wmr_smc_project/ros2_ws/install/turtlebot3_gazebo:${AMENT_PREFIX_PATH} CMAKE_PREFIX_PATH=/home/roboticslab/wmr_smc_project/ros2_ws/install/turtlebot3_gazebo:/opt/ros/humble /usr/bin/cmake --install /home/roboticslab/wmr_smc_project/ros2_ws/build/turtlebot3_simulations
