[0.017s] Invoking command in '/home/roboticslab/wmr_smc_project/ros2_ws/build/turtlebot3_gazebo': CMAKE_PREFIX_PATH=/opt/ros/humble /usr/bin/cmake /home/roboticslab/wmr_smc_project/ros2_ws/src/turtlebot3_simulations/turtlebot3_gazebo -DAMENT_CMAKE_SYMLINK_INSTALL=1 -DCMAKE_INSTALL_PREFIX=/home/roboticslab/wmr_smc_project/ros2_ws/install/turtlebot3_gazebo
[0.067s] -- The C compiler identification is GNU 11.4.0
[0.120s] -- The CXX compiler identification is GNU 11.4.0
[0.126s] -- Detecting C compiler ABI info
[0.188s] -- Detecting C compiler ABI info - done
[0.195s] -- Check for working C compiler: /usr/bin/cc - skipped
[0.195s] -- Detecting C compile features
[0.196s] -- Detecting C compile features - done
[0.199s] -- Detecting CXX compiler ABI info
[0.271s] -- Detecting CXX compiler ABI info - done
[0.279s] -- Check for working CXX compiler: /usr/bin/c++ - skipped
[0.280s] -- Detecting CXX compile features
[0.280s] -- Detecting CXX compile features - done
[0.282s] -- Found ament_cmake: 1.3.12 (/opt/ros/humble/share/ament_cmake/cmake)
[0.432s] -- Found Python3: /usr/bin/python3 (found version "3.10.12") found components: Interpreter 
[0.494s] -- Override CMake install command with custom implementation using symlinks instead of copying resources
[0.536s] [33mCMake Warning (dev) at /usr/share/cmake-3.22/Modules/FindPackageHandleStandardArgs.cmake:438 (message):
[0.536s]   The package name passed to `find_package_handle_standard_args` (PkgConfig)
[0.536s]   does not match the name of the calling package (gazebo).  This can lead to
[0.536s]   problems in calling code that expects `find_package` result variables
[0.536s]   (e.g., `_FOUND`) to follow a certain pattern.
[0.537s] Call Stack (most recent call first):
[0.537s]   /usr/share/cmake-3.22/Modules/FindPkgConfig.cmake:99 (find_package_handle_standard_args)
[0.537s]   /usr/lib/x86_64-linux-gnu/cmake/gazebo/gazebo-config.cmake:72 (include)
[0.537s]   CMakeLists.txt:23 (find_package)
[0.537s] This warning is for project developers.  Use -Wno-dev to suppress it.
[0.537s] [0m
[0.537s] -- Found PkgConfig: /usr/bin/pkg-config (found version "0.29.2") 
[0.541s] -- Checking for module 'bullet>=2.82'
[0.552s] --   Found bullet, version 3.05
[0.646s] -- Found fcl: /usr/include (found suitable version "0.7.0", minimum required is "0.5.0") 
[0.686s] -- Found assimp: /usr/include (found version "5.2.0") 
[0.709s] -- Found DART: /usr/include (Required is at least version "6.6") found components: dart 
[0.883s] -- Found Boost: /usr/lib/x86_64-linux-gnu/cmake/Boost-1.74.0/BoostConfig.cmake (found suitable version "1.74.0", minimum required is "1.40.0") found components: thread system filesystem program_options regex iostreams date_time 
[0.903s] -- Found Protobuf: /usr/lib/x86_64-linux-gnu/libprotobuf.so (found version "3.12.4") 
[0.910s] -- Looking for ignition-math6 -- found version 6.15.1
[0.920s] -- Searching for dependencies of ignition-math6
[0.922s] -- Looking for OGRE...
[0.922s] -- OGRE_PREFIX_WATCH changed.
[0.927s] -- Checking for module 'OGRE'
[0.938s] --   Found OGRE, version 1.9.0
[0.964s] -- Found Ogre Ghadamon (1.9.0)
[0.975s] -- Found OGRE: optimized;/usr/lib/x86_64-linux-gnu/libOgreMain.so;debug;/usr/lib/x86_64-linux-gnu/libOgreMain.so
[0.985s] -- Looking for OGRE_Paging...
[0.991s] -- Found OGRE_Paging: optimized;/usr/lib/x86_64-linux-gnu/libOgrePaging.so;debug;/usr/lib/x86_64-linux-gnu/libOgrePaging.so
[0.991s] -- Looking for OGRE_Terrain...
[0.997s] -- Found OGRE_Terrain: optimized;/usr/lib/x86_64-linux-gnu/libOgreTerrain.so;debug;/usr/lib/x86_64-linux-gnu/libOgreTerrain.so
[0.997s] -- Looking for OGRE_Property...
[1.002s] -- Found OGRE_Property: optimized;/usr/lib/x86_64-linux-gnu/libOgreProperty.so;debug;/usr/lib/x86_64-linux-gnu/libOgreProperty.so
[1.002s] -- Looking for OGRE_RTShaderSystem...
[1.007s] -- Found OGRE_RTShaderSystem: optimized;/usr/lib/x86_64-linux-gnu/libOgreRTShaderSystem.so;debug;/usr/lib/x86_64-linux-gnu/libOgreRTShaderSystem.so
[1.007s] -- Looking for OGRE_Volume...
[1.013s] -- Found OGRE_Volume: optimized;/usr/lib/x86_64-linux-gnu/libOgreVolume.so;debug;/usr/lib/x86_64-linux-gnu/libOgreVolume.so
[1.013s] -- Looking for OGRE_Overlay...
[1.018s] -- Found OGRE_Overlay: optimized;/usr/lib/x86_64-linux-gnu/libOgreOverlay.so;debug;/usr/lib/x86_64-linux-gnu/libOgreOverlay.so
[1.135s] -- Looking for ignition-math6 -- found version 6.15.1
[1.138s] -- Looking for ignition-transport8 -- found version 8.2.1
[1.139s] -- Searching for dependencies of ignition-transport8
[1.157s] -- Found Protobuf: /usr/lib/x86_64-linux-gnu/libprotobuf.so (found suitable version "3.12.4", minimum required is "3") 
[1.169s] -- Config-file not installed for ZeroMQ -- checking for pkg-config
[1.173s] -- Checking for module 'libzmq >= 4'
[1.186s] --   Found libzmq , version 4.3.4
[1.216s] -- Found ZeroMQ: TRUE (Required is at least version "4") 
[1.221s] -- Checking for module 'uuid'
[1.235s] --   Found uuid, version 2.37.2
[1.266s] -- Found UUID: TRUE  
[1.270s] -- Looking for ignition-msgs5 -- found version 5.8.1
[1.270s] -- Searching for dependencies of ignition-msgs5
[1.289s] -- Looking for ignition-math6 -- found version 6.15.1
[1.294s] -- Checking for module 'tinyxml2'
[1.304s] --   Found tinyxml2, version 9.0.0
[1.332s] -- Looking for ignition-msgs5 -- found version 5.8.1
[1.335s] -- Looking for ignition-common3 -- found version 3.14.0
[1.335s] -- Searching for dependencies of ignition-common3
[1.336s] -- Looking for dlfcn.h - found
[1.337s] -- Looking for libdl - found
[1.338s] -- Found DL: TRUE  
[1.350s] -- Found tinyobjloader: /usr/lib/x86_64-linux-gnu/cmake/tinyobjloader/tinyobjloader-config.cmake (found version "2.0.0") 
[1.350s] -- Searching for <ignition-common3> component [graphics]
[1.353s] -- Looking for ignition-common3-graphics -- found version 3.14.0
[1.353s] -- Searching for dependencies of ignition-common3-graphics
[1.354s] -- Looking for ignition-math6 -- found version 6.15.1
[1.358s] -- Looking for ignition-fuel_tools4 -- found version 4.4.0
[1.358s] -- Searching for dependencies of ignition-fuel_tools4
[1.422s] -- Found CURL: /usr/lib/x86_64-linux-gnu/libcurl.so (found version "7.81.0")  
[1.431s] -- Checking for module 'jsoncpp'
[1.442s] --   Found jsoncpp, version 1.9.5
[1.468s] -- Found JSONCPP: TRUE  
[1.474s] -- Checking for module 'libzip'
[1.484s] --   Found libzip, version 1.7.3
[1.508s] -- Found ZIP: TRUE  
[1.509s] -- Looking for ignition-common3 -- found version 3.14.0
[1.509s] -- Looking for ignition-math6 -- found version 6.15.1
[1.510s] -- Looking for ignition-msgs5 -- found version 5.8.1
[1.516s] -- Found gazebo_ros_pkgs: 3.9.0 (/opt/ros/humble/share/gazebo_ros_pkgs/cmake)
[1.518s] -- Found geometry_msgs: 4.9.0 (/opt/ros/humble/share/geometry_msgs/cmake)
[1.564s] -- Found rosidl_generator_c: 3.1.7 (/opt/ros/humble/share/rosidl_generator_c/cmake)
[1.572s] -- Found rosidl_adapter: 3.1.7 (/opt/ros/humble/share/rosidl_adapter/cmake)
[1.585s] -- Found rosidl_generator_cpp: 3.1.7 (/opt/ros/humble/share/rosidl_generator_cpp/cmake)
[1.604s] -- Using all available rosidl_typesupport_c: rosidl_typesupport_fastrtps_c;rosidl_typesupport_introspection_c
[1.626s] -- Using all available rosidl_typesupport_cpp: rosidl_typesupport_fastrtps_cpp;rosidl_typesupport_introspection_cpp
[1.680s] -- Found nav_msgs: 4.9.0 (/opt/ros/humble/share/nav_msgs/cmake)
[1.702s] -- Found rclcpp: 16.0.15 (/opt/ros/humble/share/rclcpp/cmake)
[1.764s] -- Found rmw_implementation_cmake: 6.1.2 (/opt/ros/humble/share/rmw_implementation_cmake/cmake)
[1.769s] -- Found rmw_fastrtps_cpp: 6.2.9 (/opt/ros/humble/share/rmw_fastrtps_cpp/cmake)
[1.861s] -- Found OpenSSL: /usr/lib/x86_64-linux-gnu/libcrypto.so (found version "3.0.2")  
[1.887s] -- Found FastRTPS: /opt/ros/humble/include  
[1.932s] -- Using RMW implementation 'rmw_fastrtps_cpp' as default
[1.943s] -- Found Threads: TRUE  
[1.994s] -- Found sensor_msgs: 4.9.0 (/opt/ros/humble/share/sensor_msgs/cmake)
[2.016s] -- Found tf2: 0.25.16 (/opt/ros/humble/share/tf2/cmake)
[2.099s] -- Configuring done
[2.142s] -- Generating done
[2.151s] -- Build files have been written to: /home/roboticslab/wmr_smc_project/ros2_ws/build/turtlebot3_gazebo
[2.163s] Invoked command in '/home/roboticslab/wmr_smc_project/ros2_ws/build/turtlebot3_gazebo' returned '0': CMAKE_PREFIX_PATH=/opt/ros/humble /usr/bin/cmake /home/roboticslab/wmr_smc_project/ros2_ws/src/turtlebot3_simulations/turtlebot3_gazebo -DAMENT_CMAKE_SYMLINK_INSTALL=1 -DCMAKE_INSTALL_PREFIX=/home/roboticslab/wmr_smc_project/ros2_ws/install/turtlebot3_gazebo
[2.165s] Invoking command in '/home/roboticslab/wmr_smc_project/ros2_ws/build/turtlebot3_gazebo': CMAKE_PREFIX_PATH=/opt/ros/humble /usr/bin/cmake --build /home/roboticslab/wmr_smc_project/ros2_ws/build/turtlebot3_gazebo -- -j8 -l8
[2.213s] [  8%] [32mBuilding CXX object CMakeFiles/turtlebot3_drive.dir/src/turtlebot3_drive.cpp.o[0m
[2.213s] [ 16%] [32mBuilding CXX object CMakeFiles/obstacle1.dir/src/obstacle1.cpp.o[0m
[2.213s] [ 25%] [32mBuilding CXX object CMakeFiles/traffic_light_plugin.dir/src/traffic_light_plugin.cpp.o[0m
[2.213s] [ 33%] [32mBuilding CXX object CMakeFiles/traffic_bar_plugin.dir/src/traffic_bar_plugin.cpp.o[0m
[2.216s] [ 41%] [32mBuilding CXX object CMakeFiles/obstacle2.dir/src/obstacle2.cpp.o[0m
[2.216s] [ 50%] [32mBuilding CXX object CMakeFiles/obstacles.dir/src/obstacles.cpp.o[0m
[18.203s] [ 58%] [32m[1mLinking CXX shared library libobstacle1.so[0m
[18.271s] [ 66%] [32m[1mLinking CXX shared library libtraffic_bar_plugin.so[0m
[18.857s] [ 66%] Built target obstacle1
[18.886s] [ 66%] Built target traffic_bar_plugin
[22.274s] [ 75%] [32m[1mLinking CXX executable turtlebot3_drive[0m
[22.588s] [ 83%] [32m[1mLinking CXX shared library libobstacles.so[0m
[22.821s] [ 91%] [32m[1mLinking CXX shared library libobstacle2.so[0m
[23.019s] [ 91%] Built target obstacles
[23.100s] [100%] [32m[1mLinking CXX shared library libtraffic_light_plugin.so[0m
[23.135s] [100%] Built target obstacle2
[23.335s] [100%] Built target turtlebot3_drive
[23.497s] [100%] Built target traffic_light_plugin
[23.578s] Invoked command in '/home/roboticslab/wmr_smc_project/ros2_ws/build/turtlebot3_gazebo' returned '0': CMAKE_PREFIX_PATH=/opt/ros/humble /usr/bin/cmake --build /home/roboticslab/wmr_smc_project/ros2_ws/build/turtlebot3_gazebo -- -j8 -l8
[23.627s] Invoking command in '/home/roboticslab/wmr_smc_project/ros2_ws/build/turtlebot3_gazebo': CMAKE_PREFIX_PATH=/opt/ros/humble /usr/bin/cmake --install /home/roboticslab/wmr_smc_project/ros2_ws/build/turtlebot3_gazebo
[23.632s] -- Install configuration: ""
[23.633s] -- Execute custom install script
[23.633s] -- Symlinking: /home/roboticslab/wmr_smc_project/ros2_ws/install/turtlebot3_gazebo/lib/turtlebot3_gazebo/turtlebot3_drive
[23.641s] -- Symlinking: /home/roboticslab/wmr_smc_project/ros2_ws/install/turtlebot3_gazebo/share/turtlebot3_gazebo//launch/empty_world.launch.py
[23.649s] -- Symlinking: /home/roboticslab/wmr_smc_project/ros2_ws/install/turtlebot3_gazebo/share/turtlebot3_gazebo//launch/multi_robot.launch.py
[23.656s] -- Symlinking: /home/roboticslab/wmr_smc_project/ros2_ws/install/turtlebot3_gazebo/share/turtlebot3_gazebo//launch/multi_spawn_turtlebot3.launch.py
[23.664s] -- Symlinking: /home/roboticslab/wmr_smc_project/ros2_ws/install/turtlebot3_gazebo/share/turtlebot3_gazebo//launch/robot_state_publisher.launch.py
[23.671s] -- Symlinking: /home/roboticslab/wmr_smc_project/ros2_ws/install/turtlebot3_gazebo/share/turtlebot3_gazebo//launch/spawn_turtlebot3.launch.py
[23.679s] -- Symlinking: /home/roboticslab/wmr_smc_project/ros2_ws/install/turtlebot3_gazebo/share/turtlebot3_gazebo//launch/turtlebot3_autorace_2020.launch.py
[23.687s] -- Symlinking: /home/roboticslab/wmr_smc_project/ros2_ws/install/turtlebot3_gazebo/share/turtlebot3_gazebo//launch/turtlebot3_dqn_stage1.launch.py
[23.694s] -- Symlinking: /home/roboticslab/wmr_smc_project/ros2_ws/install/turtlebot3_gazebo/share/turtlebot3_gazebo//launch/turtlebot3_dqn_stage2.launch.py
[23.701s] -- Symlinking: /home/roboticslab/wmr_smc_project/ros2_ws/install/turtlebot3_gazebo/share/turtlebot3_gazebo//launch/turtlebot3_dqn_stage3.launch.py
[23.709s] -- Symlinking: /home/roboticslab/wmr_smc_project/ros2_ws/install/turtlebot3_gazebo/share/turtlebot3_gazebo//launch/turtlebot3_dqn_stage4.launch.py
[23.716s] -- Symlinking: /home/roboticslab/wmr_smc_project/ros2_ws/install/turtlebot3_gazebo/share/turtlebot3_gazebo//launch/turtlebot3_house.launch.py
[23.723s] -- Symlinking: /home/roboticslab/wmr_smc_project/ros2_ws/install/turtlebot3_gazebo/share/turtlebot3_gazebo//launch/turtlebot3_world.launch.py
[23.744s] -- Symlinking: /home/roboticslab/wmr_smc_project/ros2_ws/install/turtlebot3_gazebo/share/turtlebot3_gazebo//models/turtlebot3_autorace_2020/checker/materials/checker.png
[23.752s] -- Symlinking: /home/roboticslab/wmr_smc_project/ros2_ws/install/turtlebot3_gazebo/share/turtlebot3_gazebo//models/turtlebot3_autorace_2020/checker/materials/scripts/checker.material
[23.759s] -- Symlinking: /home/roboticslab/wmr_smc_project/ros2_ws/install/turtlebot3_gazebo/share/turtlebot3_gazebo//models/turtlebot3_autorace_2020/checker/materials/textures/checker.png
[23.767s] -- Symlinking: /home/roboticslab/wmr_smc_project/ros2_ws/install/turtlebot3_gazebo/share/turtlebot3_gazebo//models/turtlebot3_autorace_2020/checker/model.config
[23.774s] -- Symlinking: /home/roboticslab/wmr_smc_project/ros2_ws/install/turtlebot3_gazebo/share/turtlebot3_gazebo//models/turtlebot3_autorace_2020/checker/model.sdf
[23.782s] -- Symlinking: /home/roboticslab/wmr_smc_project/ros2_ws/install/turtlebot3_gazebo/share/turtlebot3_gazebo//models/turtlebot3_autorace_2020/course/materials/scripts/course.material
[23.790s] -- Symlinking: /home/roboticslab/wmr_smc_project/ros2_ws/install/turtlebot3_gazebo/share/turtlebot3_gazebo//models/turtlebot3_autorace_2020/course/materials/textures/course.png
[23.798s] -- Symlinking: /home/roboticslab/wmr_smc_project/ros2_ws/install/turtlebot3_gazebo/share/turtlebot3_gazebo//models/turtlebot3_autorace_2020/course/model.config
[23.805s] -- Symlinking: /home/roboticslab/wmr_smc_project/ros2_ws/install/turtlebot3_gazebo/share/turtlebot3_gazebo//models/turtlebot3_autorace_2020/course/model.sdf
[23.813s] -- Symlinking: /home/roboticslab/wmr_smc_project/ros2_ws/install/turtlebot3_gazebo/share/turtlebot3_gazebo//models/turtlebot3_autorace_2020/traffic_bar/materials/scripts/traffic_bar.material
[23.820s] -- Symlinking: /home/roboticslab/wmr_smc_project/ros2_ws/install/turtlebot3_gazebo/share/turtlebot3_gazebo//models/turtlebot3_autorace_2020/traffic_bar/materials/textures/traffic_bar.png
[23.828s] -- Symlinking: /home/roboticslab/wmr_smc_project/ros2_ws/install/turtlebot3_gazebo/share/turtlebot3_gazebo//models/turtlebot3_autorace_2020/traffic_bar/model.config
[23.835s] -- Symlinking: /home/roboticslab/wmr_smc_project/ros2_ws/install/turtlebot3_gazebo/share/turtlebot3_gazebo//models/turtlebot3_autorace_2020/traffic_bar/model.sdf
[23.843s] -- Symlinking: /home/roboticslab/wmr_smc_project/ros2_ws/install/turtlebot3_gazebo/share/turtlebot3_gazebo//models/turtlebot3_autorace_2020/traffic_construction/materials/scripts/traffic_construction.material
[23.851s] -- Symlinking: /home/roboticslab/wmr_smc_project/ros2_ws/install/turtlebot3_gazebo/share/turtlebot3_gazebo//models/turtlebot3_autorace_2020/traffic_construction/materials/textures/traffic_construction.png
[23.858s] -- Symlinking: /home/roboticslab/wmr_smc_project/ros2_ws/install/turtlebot3_gazebo/share/turtlebot3_gazebo//models/turtlebot3_autorace_2020/traffic_construction/model.config
[23.866s] -- Symlinking: /home/roboticslab/wmr_smc_project/ros2_ws/install/turtlebot3_gazebo/share/turtlebot3_gazebo//models/turtlebot3_autorace_2020/traffic_construction/model.sdf
[23.874s] -- Symlinking: /home/roboticslab/wmr_smc_project/ros2_ws/install/turtlebot3_gazebo/share/turtlebot3_gazebo//models/turtlebot3_autorace_2020/traffic_intersection/materials/scripts/traffic_intersection.material
[23.881s] -- Symlinking: /home/roboticslab/wmr_smc_project/ros2_ws/install/turtlebot3_gazebo/share/turtlebot3_gazebo//models/turtlebot3_autorace_2020/traffic_intersection/materials/textures/traffic_intersection.png
[23.889s] -- Symlinking: /home/roboticslab/wmr_smc_project/ros2_ws/install/turtlebot3_gazebo/share/turtlebot3_gazebo//models/turtlebot3_autorace_2020/traffic_intersection/model.config
[23.897s] -- Symlinking: /home/roboticslab/wmr_smc_project/ros2_ws/install/turtlebot3_gazebo/share/turtlebot3_gazebo//models/turtlebot3_autorace_2020/traffic_intersection/model.sdf
[23.904s] -- Symlinking: /home/roboticslab/wmr_smc_project/ros2_ws/install/turtlebot3_gazebo/share/turtlebot3_gazebo//models/turtlebot3_autorace_2020/traffic_left/materials/scripts/traffic_is_left.material
[23.912s] -- Symlinking: /home/roboticslab/wmr_smc_project/ros2_ws/install/turtlebot3_gazebo/share/turtlebot3_gazebo//models/turtlebot3_autorace_2020/traffic_left/materials/textures/traffic_left.png
[23.919s] -- Symlinking: /home/roboticslab/wmr_smc_project/ros2_ws/install/turtlebot3_gazebo/share/turtlebot3_gazebo//models/turtlebot3_autorace_2020/traffic_left/model.config
[23.927s] -- Symlinking: /home/roboticslab/wmr_smc_project/ros2_ws/install/turtlebot3_gazebo/share/turtlebot3_gazebo//models/turtlebot3_autorace_2020/traffic_left/model.sdf
[23.935s] -- Symlinking: /home/roboticslab/wmr_smc_project/ros2_ws/install/turtlebot3_gazebo/share/turtlebot3_gazebo//models/turtlebot3_autorace_2020/traffic_light/materials/scripts/traffic_light.material
[23.942s] -- Symlinking: /home/roboticslab/wmr_smc_project/ros2_ws/install/turtlebot3_gazebo/share/turtlebot3_gazebo//models/turtlebot3_autorace_2020/traffic_light/materials/textures/traffic_light.png
[23.950s] -- Symlinking: /home/roboticslab/wmr_smc_project/ros2_ws/install/turtlebot3_gazebo/share/turtlebot3_gazebo//models/turtlebot3_autorace_2020/traffic_light/materials/textures/traffic_light_green.png
[23.957s] -- Symlinking: /home/roboticslab/wmr_smc_project/ros2_ws/install/turtlebot3_gazebo/share/turtlebot3_gazebo//models/turtlebot3_autorace_2020/traffic_light/materials/textures/traffic_light_red.png
[23.965s] -- Symlinking: /home/roboticslab/wmr_smc_project/ros2_ws/install/turtlebot3_gazebo/share/turtlebot3_gazebo//models/turtlebot3_autorace_2020/traffic_light/materials/textures/traffic_light_yellow.png
[23.972s] -- Symlinking: /home/roboticslab/wmr_smc_project/ros2_ws/install/turtlebot3_gazebo/share/turtlebot3_gazebo//models/turtlebot3_autorace_2020/traffic_light/model.config
[23.980s] -- Symlinking: /home/roboticslab/wmr_smc_project/ros2_ws/install/turtlebot3_gazebo/share/turtlebot3_gazebo//models/turtlebot3_autorace_2020/traffic_light/model.sdf
[23.989s] -- Symlinking: /home/roboticslab/wmr_smc_project/ros2_ws/install/turtlebot3_gazebo/share/turtlebot3_gazebo//models/turtlebot3_autorace_2020/traffic_noentry/materials/scripts/traffic_noentry.material
[23.996s] -- Symlinking: /home/roboticslab/wmr_smc_project/ros2_ws/install/turtlebot3_gazebo/share/turtlebot3_gazebo//models/turtlebot3_autorace_2020/traffic_noentry/materials/textures/traffic_noentry.png
[24.004s] -- Symlinking: /home/roboticslab/wmr_smc_project/ros2_ws/install/turtlebot3_gazebo/share/turtlebot3_gazebo//models/turtlebot3_autorace_2020/traffic_noentry/model.config
[24.012s] -- Symlinking: /home/roboticslab/wmr_smc_project/ros2_ws/install/turtlebot3_gazebo/share/turtlebot3_gazebo//models/turtlebot3_autorace_2020/traffic_noentry/model.sdf
[24.020s] -- Symlinking: /home/roboticslab/wmr_smc_project/ros2_ws/install/turtlebot3_gazebo/share/turtlebot3_gazebo//models/turtlebot3_autorace_2020/traffic_parking/materials/scripts/traffic_parking.material
[24.028s] -- Symlinking: /home/roboticslab/wmr_smc_project/ros2_ws/install/turtlebot3_gazebo/share/turtlebot3_gazebo//models/turtlebot3_autorace_2020/traffic_parking/materials/textures/traffic_parking.png
[24.036s] -- Symlinking: /home/roboticslab/wmr_smc_project/ros2_ws/install/turtlebot3_gazebo/share/turtlebot3_gazebo//models/turtlebot3_autorace_2020/traffic_parking/model.config
[24.044s] -- Symlinking: /home/roboticslab/wmr_smc_project/ros2_ws/install/turtlebot3_gazebo/share/turtlebot3_gazebo//models/turtlebot3_autorace_2020/traffic_parking/model.sdf
[24.051s] -- Symlinking: /home/roboticslab/wmr_smc_project/ros2_ws/install/turtlebot3_gazebo/share/turtlebot3_gazebo//models/turtlebot3_autorace_2020/traffic_pl_left/materials/scripts/traffic_pl_left.material
[24.060s] -- Symlinking: /home/roboticslab/wmr_smc_project/ros2_ws/install/turtlebot3_gazebo/share/turtlebot3_gazebo//models/turtlebot3_autorace_2020/traffic_pl_left/materials/textures/traffic_pl_left.png
[24.067s] -- Symlinking: /home/roboticslab/wmr_smc_project/ros2_ws/install/turtlebot3_gazebo/share/turtlebot3_gazebo//models/turtlebot3_autorace_2020/traffic_pl_left/model.config
[24.075s] -- Symlinking: /home/roboticslab/wmr_smc_project/ros2_ws/install/turtlebot3_gazebo/share/turtlebot3_gazebo//models/turtlebot3_autorace_2020/traffic_pl_left/model.sdf
[24.083s] -- Symlinking: /home/roboticslab/wmr_smc_project/ros2_ws/install/turtlebot3_gazebo/share/turtlebot3_gazebo//models/turtlebot3_autorace_2020/traffic_right/materials/scripts/traffic_right.material
[24.091s] -- Symlinking: /home/roboticslab/wmr_smc_project/ros2_ws/install/turtlebot3_gazebo/share/turtlebot3_gazebo//models/turtlebot3_autorace_2020/traffic_right/materials/textures/traffic_right.png
[24.099s] -- Symlinking: /home/roboticslab/wmr_smc_project/ros2_ws/install/turtlebot3_gazebo/share/turtlebot3_gazebo//models/turtlebot3_autorace_2020/traffic_right/model.config
[24.107s] -- Symlinking: /home/roboticslab/wmr_smc_project/ros2_ws/install/turtlebot3_gazebo/share/turtlebot3_gazebo//models/turtlebot3_autorace_2020/traffic_right/model.sdf
[24.115s] -- Symlinking: /home/roboticslab/wmr_smc_project/ros2_ws/install/turtlebot3_gazebo/share/turtlebot3_gazebo//models/turtlebot3_autorace_2020/traffic_stop/materials/scripts/traffic_stop.material
[24.123s] -- Symlinking: /home/roboticslab/wmr_smc_project/ros2_ws/install/turtlebot3_gazebo/share/turtlebot3_gazebo//models/turtlebot3_autorace_2020/traffic_stop/materials/textures/traffic_stop.png
[24.131s] -- Symlinking: /home/roboticslab/wmr_smc_project/ros2_ws/install/turtlebot3_gazebo/share/turtlebot3_gazebo//models/turtlebot3_autorace_2020/traffic_stop/model.config
[24.139s] -- Symlinking: /home/roboticslab/wmr_smc_project/ros2_ws/install/turtlebot3_gazebo/share/turtlebot3_gazebo//models/turtlebot3_autorace_2020/traffic_stop/model.sdf
[24.146s] -- Symlinking: /home/roboticslab/wmr_smc_project/ros2_ws/install/turtlebot3_gazebo/share/turtlebot3_gazebo//models/turtlebot3_autorace_2020/traffic_tunnel/materials/scripts/tunnel.material
[24.154s] -- Symlinking: /home/roboticslab/wmr_smc_project/ros2_ws/install/turtlebot3_gazebo/share/turtlebot3_gazebo//models/turtlebot3_autorace_2020/traffic_tunnel/materials/textures/tunnel.png
[24.161s] -- Symlinking: /home/roboticslab/wmr_smc_project/ros2_ws/install/turtlebot3_gazebo/share/turtlebot3_gazebo//models/turtlebot3_autorace_2020/traffic_tunnel/model.config
[24.169s] -- Symlinking: /home/roboticslab/wmr_smc_project/ros2_ws/install/turtlebot3_gazebo/share/turtlebot3_gazebo//models/turtlebot3_autorace_2020/traffic_tunnel/model.sdf
[24.177s] -- Symlinking: /home/roboticslab/wmr_smc_project/ros2_ws/install/turtlebot3_gazebo/share/turtlebot3_gazebo//models/turtlebot3_burger/model-1_4.sdf
[24.184s] -- Symlinking: /home/roboticslab/wmr_smc_project/ros2_ws/install/turtlebot3_gazebo/share/turtlebot3_gazebo//models/turtlebot3_burger/model.config
[24.192s] -- Symlinking: /home/roboticslab/wmr_smc_project/ros2_ws/install/turtlebot3_gazebo/share/turtlebot3_gazebo//models/turtlebot3_burger/model.sdf
[24.200s] -- Symlinking: /home/roboticslab/wmr_smc_project/ros2_ws/install/turtlebot3_gazebo/share/turtlebot3_gazebo//models/turtlebot3_burger_cam/model-1_4.sdf
[24.208s] -- Symlinking: /home/roboticslab/wmr_smc_project/ros2_ws/install/turtlebot3_gazebo/share/turtlebot3_gazebo//models/turtlebot3_burger_cam/model.config
[24.215s] -- Symlinking: /home/roboticslab/wmr_smc_project/ros2_ws/install/turtlebot3_gazebo/share/turtlebot3_gazebo//models/turtlebot3_burger_cam/model.sdf
[24.223s] -- Symlinking: /home/roboticslab/wmr_smc_project/ros2_ws/install/turtlebot3_gazebo/share/turtlebot3_gazebo//models/turtlebot3_common/meshes/bases/burger_base.stl
[24.231s] -- Symlinking: /home/roboticslab/wmr_smc_project/ros2_ws/install/turtlebot3_gazebo/share/turtlebot3_gazebo//models/turtlebot3_common/meshes/bases/waffle_base.stl
[24.239s] -- Symlinking: /home/roboticslab/wmr_smc_project/ros2_ws/install/turtlebot3_gazebo/share/turtlebot3_gazebo//models/turtlebot3_common/meshes/bases/waffle_pi_base.stl
[24.247s] -- Symlinking: /home/roboticslab/wmr_smc_project/ros2_ws/install/turtlebot3_gazebo/share/turtlebot3_gazebo//models/turtlebot3_common/meshes/burger_base.dae
[24.255s] -- Symlinking: /home/roboticslab/wmr_smc_project/ros2_ws/install/turtlebot3_gazebo/share/turtlebot3_gazebo//models/turtlebot3_common/meshes/lds.dae
[24.263s] -- Symlinking: /home/roboticslab/wmr_smc_project/ros2_ws/install/turtlebot3_gazebo/share/turtlebot3_gazebo//models/turtlebot3_common/meshes/r200.dae
[24.271s] -- Symlinking: /home/roboticslab/wmr_smc_project/ros2_ws/install/turtlebot3_gazebo/share/turtlebot3_gazebo//models/turtlebot3_common/meshes/sensors/astra.dae
[24.279s] -- Symlinking: /home/roboticslab/wmr_smc_project/ros2_ws/install/turtlebot3_gazebo/share/turtlebot3_gazebo//models/turtlebot3_common/meshes/sensors/astra.jpg
[24.286s] -- Symlinking: /home/roboticslab/wmr_smc_project/ros2_ws/install/turtlebot3_gazebo/share/turtlebot3_gazebo//models/turtlebot3_common/meshes/sensors/lds.stl
[24.294s] -- Symlinking: /home/roboticslab/wmr_smc_project/ros2_ws/install/turtlebot3_gazebo/share/turtlebot3_gazebo//models/turtlebot3_common/meshes/sensors/r200.dae
[24.302s] -- Symlinking: /home/roboticslab/wmr_smc_project/ros2_ws/install/turtlebot3_gazebo/share/turtlebot3_gazebo//models/turtlebot3_common/meshes/sensors/r200.jpg
[24.309s] -- Symlinking: /home/roboticslab/wmr_smc_project/ros2_ws/install/turtlebot3_gazebo/share/turtlebot3_gazebo//models/turtlebot3_common/meshes/tire.dae
[24.317s] -- Symlinking: /home/roboticslab/wmr_smc_project/ros2_ws/install/turtlebot3_gazebo/share/turtlebot3_gazebo//models/turtlebot3_common/meshes/waffle_base.dae
[24.325s] -- Symlinking: /home/roboticslab/wmr_smc_project/ros2_ws/install/turtlebot3_gazebo/share/turtlebot3_gazebo//models/turtlebot3_common/meshes/waffle_pi_base.dae
[24.333s] -- Symlinking: /home/roboticslab/wmr_smc_project/ros2_ws/install/turtlebot3_gazebo/share/turtlebot3_gazebo//models/turtlebot3_common/meshes/wheels/left_tire.stl
[24.341s] -- Symlinking: /home/roboticslab/wmr_smc_project/ros2_ws/install/turtlebot3_gazebo/share/turtlebot3_gazebo//models/turtlebot3_common/meshes/wheels/right_tire.stl
[24.348s] -- Symlinking: /home/roboticslab/wmr_smc_project/ros2_ws/install/turtlebot3_gazebo/share/turtlebot3_gazebo//models/turtlebot3_common/model.config
[24.356s] -- Symlinking: /home/roboticslab/wmr_smc_project/ros2_ws/install/turtlebot3_gazebo/share/turtlebot3_gazebo//models/turtlebot3_dqn_world/goal_box/model.config
[24.363s] -- Symlinking: /home/roboticslab/wmr_smc_project/ros2_ws/install/turtlebot3_gazebo/share/turtlebot3_gazebo//models/turtlebot3_dqn_world/goal_box/model.sdf
[24.371s] -- Symlinking: /home/roboticslab/wmr_smc_project/ros2_ws/install/turtlebot3_gazebo/share/turtlebot3_gazebo//models/turtlebot3_dqn_world/inner_walls/model.config
[24.379s] -- Symlinking: /home/roboticslab/wmr_smc_project/ros2_ws/install/turtlebot3_gazebo/share/turtlebot3_gazebo//models/turtlebot3_dqn_world/inner_walls/model.sdf
[24.387s] -- Symlinking: /home/roboticslab/wmr_smc_project/ros2_ws/install/turtlebot3_gazebo/share/turtlebot3_gazebo//models/turtlebot3_dqn_world/model.config
[24.395s] -- Symlinking: /home/roboticslab/wmr_smc_project/ros2_ws/install/turtlebot3_gazebo/share/turtlebot3_gazebo//models/turtlebot3_dqn_world/model.sdf
[24.403s] -- Symlinking: /home/roboticslab/wmr_smc_project/ros2_ws/install/turtlebot3_gazebo/share/turtlebot3_gazebo//models/turtlebot3_dqn_world/obstacle1/model.config
[24.411s] -- Symlinking: /home/roboticslab/wmr_smc_project/ros2_ws/install/turtlebot3_gazebo/share/turtlebot3_gazebo//models/turtlebot3_dqn_world/obstacle1/model.sdf
[24.418s] -- Symlinking: /home/roboticslab/wmr_smc_project/ros2_ws/install/turtlebot3_gazebo/share/turtlebot3_gazebo//models/turtlebot3_dqn_world/obstacle2/model.config
[24.426s] -- Symlinking: /home/roboticslab/wmr_smc_project/ros2_ws/install/turtlebot3_gazebo/share/turtlebot3_gazebo//models/turtlebot3_dqn_world/obstacle2/model.sdf
[24.435s] -- Symlinking: /home/roboticslab/wmr_smc_project/ros2_ws/install/turtlebot3_gazebo/share/turtlebot3_gazebo//models/turtlebot3_dqn_world/obstacles/model.config
[24.442s] -- Symlinking: /home/roboticslab/wmr_smc_project/ros2_ws/install/turtlebot3_gazebo/share/turtlebot3_gazebo//models/turtlebot3_dqn_world/obstacles/model.sdf
[24.450s] -- Symlinking: /home/roboticslab/wmr_smc_project/ros2_ws/install/turtlebot3_gazebo/share/turtlebot3_gazebo//models/turtlebot3_house/model.config
[24.458s] -- Symlinking: /home/roboticslab/wmr_smc_project/ros2_ws/install/turtlebot3_gazebo/share/turtlebot3_gazebo//models/turtlebot3_house/model.sdf
[24.466s] -- Symlinking: /home/roboticslab/wmr_smc_project/ros2_ws/install/turtlebot3_gazebo/share/turtlebot3_gazebo//models/turtlebot3_waffle/model-1_4.sdf
[24.474s] -- Symlinking: /home/roboticslab/wmr_smc_project/ros2_ws/install/turtlebot3_gazebo/share/turtlebot3_gazebo//models/turtlebot3_waffle/model.config
[24.481s] -- Symlinking: /home/roboticslab/wmr_smc_project/ros2_ws/install/turtlebot3_gazebo/share/turtlebot3_gazebo//models/turtlebot3_waffle/model.sdf
[24.489s] -- Symlinking: /home/roboticslab/wmr_smc_project/ros2_ws/install/turtlebot3_gazebo/share/turtlebot3_gazebo//models/turtlebot3_waffle_pi/model-1_4_.sdf
[24.497s] -- Symlinking: /home/roboticslab/wmr_smc_project/ros2_ws/install/turtlebot3_gazebo/share/turtlebot3_gazebo//models/turtlebot3_waffle_pi/model.config
[24.505s] -- Symlinking: /home/roboticslab/wmr_smc_project/ros2_ws/install/turtlebot3_gazebo/share/turtlebot3_gazebo//models/turtlebot3_waffle_pi/model.sdf
[24.513s] -- Symlinking: /home/roboticslab/wmr_smc_project/ros2_ws/install/turtlebot3_gazebo/share/turtlebot3_gazebo//models/turtlebot3_world/meshes/hexagon.dae
[24.521s] -- Symlinking: /home/roboticslab/wmr_smc_project/ros2_ws/install/turtlebot3_gazebo/share/turtlebot3_gazebo//models/turtlebot3_world/meshes/wall.dae
[24.528s] -- Symlinking: /home/roboticslab/wmr_smc_project/ros2_ws/install/turtlebot3_gazebo/share/turtlebot3_gazebo//models/turtlebot3_world/model-1_4.sdf
[24.537s] -- Symlinking: /home/roboticslab/wmr_smc_project/ros2_ws/install/turtlebot3_gazebo/share/turtlebot3_gazebo//models/turtlebot3_world/model.config
[24.544s] -- Symlinking: /home/roboticslab/wmr_smc_project/ros2_ws/install/turtlebot3_gazebo/share/turtlebot3_gazebo//models/turtlebot3_world/model.sdf
[24.554s] -- Symlinking: /home/roboticslab/wmr_smc_project/ros2_ws/install/turtlebot3_gazebo/share/turtlebot3_gazebo//rviz/tb3_gazebo.rviz
[24.562s] -- Symlinking: /home/roboticslab/wmr_smc_project/ros2_ws/install/turtlebot3_gazebo/share/turtlebot3_gazebo//urdf/common_properties.urdf
[24.570s] -- Symlinking: /home/roboticslab/wmr_smc_project/ros2_ws/install/turtlebot3_gazebo/share/turtlebot3_gazebo//urdf/turtlebot3_burger.urdf
[24.578s] -- Symlinking: /home/roboticslab/wmr_smc_project/ros2_ws/install/turtlebot3_gazebo/share/turtlebot3_gazebo//urdf/turtlebot3_burger_cam.urdf
[24.586s] -- Symlinking: /home/roboticslab/wmr_smc_project/ros2_ws/install/turtlebot3_gazebo/share/turtlebot3_gazebo//urdf/turtlebot3_waffle.urdf
[24.594s] -- Symlinking: /home/roboticslab/wmr_smc_project/ros2_ws/install/turtlebot3_gazebo/share/turtlebot3_gazebo//urdf/turtlebot3_waffle_pi.urdf
[24.602s] -- Symlinking: /home/roboticslab/wmr_smc_project/ros2_ws/install/turtlebot3_gazebo/share/turtlebot3_gazebo//worlds/empty_world.world
[24.610s] -- Symlinking: /home/roboticslab/wmr_smc_project/ros2_ws/install/turtlebot3_gazebo/share/turtlebot3_gazebo//worlds/turtlebot3_autorace_2020.world
[24.618s] -- Symlinking: /home/roboticslab/wmr_smc_project/ros2_ws/install/turtlebot3_gazebo/share/turtlebot3_gazebo//worlds/turtlebot3_dqn_stage1.world
[24.625s] -- Symlinking: /home/roboticslab/wmr_smc_project/ros2_ws/install/turtlebot3_gazebo/share/turtlebot3_gazebo//worlds/turtlebot3_dqn_stage2.world
[24.634s] -- Symlinking: /home/roboticslab/wmr_smc_project/ros2_ws/install/turtlebot3_gazebo/share/turtlebot3_gazebo//worlds/turtlebot3_dqn_stage3.world
[24.641s] -- Symlinking: /home/roboticslab/wmr_smc_project/ros2_ws/install/turtlebot3_gazebo/share/turtlebot3_gazebo//worlds/turtlebot3_dqn_stage4.world
[24.649s] -- Symlinking: /home/roboticslab/wmr_smc_project/ros2_ws/install/turtlebot3_gazebo/share/turtlebot3_gazebo//worlds/turtlebot3_house.world
[24.656s] -- Symlinking: /home/roboticslab/wmr_smc_project/ros2_ws/install/turtlebot3_gazebo/share/turtlebot3_gazebo//worlds/turtlebot3_world.world
[24.664s] -- Symlinking: /home/roboticslab/wmr_smc_project/ros2_ws/install/turtlebot3_gazebo/include//turtlebot3_gazebo/obstacle1.hpp
[24.673s] -- Symlinking: /home/roboticslab/wmr_smc_project/ros2_ws/install/turtlebot3_gazebo/include//turtlebot3_gazebo/obstacle2.hpp
[24.681s] -- Symlinking: /home/roboticslab/wmr_smc_project/ros2_ws/install/turtlebot3_gazebo/include//turtlebot3_gazebo/obstacles.hpp
[24.689s] -- Symlinking: /home/roboticslab/wmr_smc_project/ros2_ws/install/turtlebot3_gazebo/include//turtlebot3_gazebo/traffic_bar_plugin.hpp
[24.697s] -- Symlinking: /home/roboticslab/wmr_smc_project/ros2_ws/install/turtlebot3_gazebo/include//turtlebot3_gazebo/traffic_light_plugin.hpp
[24.705s] -- Symlinking: /home/roboticslab/wmr_smc_project/ros2_ws/install/turtlebot3_gazebo/include//turtlebot3_gazebo/turtlebot3_drive.hpp
[24.713s] -- Symlinking: /home/roboticslab/wmr_smc_project/ros2_ws/install/turtlebot3_gazebo/share/ament_index/resource_index/package_run_dependencies/turtlebot3_gazebo
[24.721s] -- Symlinking: /home/roboticslab/wmr_smc_project/ros2_ws/install/turtlebot3_gazebo/share/ament_index/resource_index/parent_prefix_path/turtlebot3_gazebo
[24.729s] -- Symlinking: /home/roboticslab/wmr_smc_project/ros2_ws/install/turtlebot3_gazebo/share/turtlebot3_gazebo/environment/ament_prefix_path.sh
[24.737s] -- Symlinking: /home/roboticslab/wmr_smc_project/ros2_ws/install/turtlebot3_gazebo/share/turtlebot3_gazebo/environment/ament_prefix_path.dsv
[24.745s] -- Symlinking: /home/roboticslab/wmr_smc_project/ros2_ws/install/turtlebot3_gazebo/share/turtlebot3_gazebo/environment/path.sh
[24.752s] -- Symlinking: /home/roboticslab/wmr_smc_project/ros2_ws/install/turtlebot3_gazebo/share/turtlebot3_gazebo/environment/path.dsv
[24.760s] -- Symlinking: /home/roboticslab/wmr_smc_project/ros2_ws/install/turtlebot3_gazebo/share/turtlebot3_gazebo/local_setup.bash
[24.767s] -- Symlinking: /home/roboticslab/wmr_smc_project/ros2_ws/install/turtlebot3_gazebo/share/turtlebot3_gazebo/local_setup.sh
[24.774s] -- Symlinking: /home/roboticslab/wmr_smc_project/ros2_ws/install/turtlebot3_gazebo/share/turtlebot3_gazebo/local_setup.zsh
[24.782s] -- Symlinking: /home/roboticslab/wmr_smc_project/ros2_ws/install/turtlebot3_gazebo/share/turtlebot3_gazebo/local_setup.dsv
[24.790s] -- Symlinking: /home/roboticslab/wmr_smc_project/ros2_ws/install/turtlebot3_gazebo/share/turtlebot3_gazebo/package.dsv
[24.798s] -- Symlinking: /home/roboticslab/wmr_smc_project/ros2_ws/install/turtlebot3_gazebo/share/ament_index/resource_index/packages/turtlebot3_gazebo
[24.806s] -- Symlinking: /home/roboticslab/wmr_smc_project/ros2_ws/install/turtlebot3_gazebo/share/turtlebot3_gazebo/cmake/ament_cmake_export_include_directories-extras.cmake
[24.814s] -- Symlinking: /home/roboticslab/wmr_smc_project/ros2_ws/install/turtlebot3_gazebo/share/turtlebot3_gazebo/cmake/ament_cmake_export_dependencies-extras.cmake
[24.822s] -- Symlinking: /home/roboticslab/wmr_smc_project/ros2_ws/install/turtlebot3_gazebo/share/turtlebot3_gazebo/cmake/turtlebot3_gazeboConfig.cmake
[24.829s] -- Symlinking: /home/roboticslab/wmr_smc_project/ros2_ws/install/turtlebot3_gazebo/share/turtlebot3_gazebo/cmake/turtlebot3_gazeboConfig-version.cmake
[24.838s] -- Symlinking: /home/roboticslab/wmr_smc_project/ros2_ws/install/turtlebot3_gazebo/share/turtlebot3_gazebo/package.xml
[24.856s] Invoked command in '/home/roboticslab/wmr_smc_project/ros2_ws/build/turtlebot3_gazebo' returned '0': CMAKE_PREFIX_PATH=/opt/ros/humble /usr/bin/cmake --install /home/roboticslab/wmr_smc_project/ros2_ws/build/turtlebot3_gazebo
