[0.753s] Invoking command in '/home/roboticslab/wmr_smc_project/ros2_ws/build/wmr_controller': PYTHONPATH=/home/roboticslab/wmr_smc_project/ros2_ws/build/wmr_controller/prefix_override:/usr/lib/python3/dist-packages/colcon_core/task/python/colcon_distutils_commands:/home/roboticslab/wmr_smc_project/ros2_ws/install/wmr_controller/lib/python3.10/site-packages:${PYTHONPATH} /usr/bin/python3 -W ignore:setup.py install is deprecated -W ignore:easy_install command is deprecated setup.py develop --editable --build-directory /home/roboticslab/wmr_smc_project/ros2_ws/build/wmr_controller/build --no-deps symlink_data
[1.030s] running develop
[1.212s] running egg_info
[1.212s] creating wmr_controller.egg-info
[1.212s] writing wmr_controller.egg-info/PKG-INFO
[1.213s] writing dependency_links to wmr_controller.egg-info/dependency_links.txt
[1.213s] writing entry points to wmr_controller.egg-info/entry_points.txt
[1.213s] writing requirements to wmr_controller.egg-info/requires.txt
[1.213s] writing top-level names to wmr_controller.egg-info/top_level.txt
[1.213s] writing manifest file 'wmr_controller.egg-info/SOURCES.txt'
[1.215s] reading manifest file 'wmr_controller.egg-info/SOURCES.txt'
[1.216s] writing manifest file 'wmr_controller.egg-info/SOURCES.txt'
[1.218s] running build_ext
[1.218s] Creating /home/roboticslab/wmr_smc_project/ros2_ws/install/wmr_controller/lib/python3.10/site-packages/wmr-controller.egg-link (link to .)
[1.219s] Installing wmr_controller script to /home/roboticslab/wmr_smc_project/ros2_ws/install/wmr_controller/lib/wmr_controller
[1.219s] 
[1.219s] Installed /home/roboticslab/wmr_smc_project/ros2_ws/build/wmr_controller
[1.220s] running symlink_data
[1.220s] creating /home/roboticslab/wmr_smc_project/ros2_ws/install/wmr_controller/share/ament_index
[1.220s] creating /home/roboticslab/wmr_smc_project/ros2_ws/install/wmr_controller/share/ament_index/resource_index
[1.220s] creating /home/roboticslab/wmr_smc_project/ros2_ws/install/wmr_controller/share/ament_index/resource_index/packages
[1.220s] symbolically linking /home/roboticslab/wmr_smc_project/ros2_ws/build/wmr_controller/resource/wmr_controller -> /home/roboticslab/wmr_smc_project/ros2_ws/install/wmr_controller/share/ament_index/resource_index/packages
[1.220s] symbolically linking /home/roboticslab/wmr_smc_project/ros2_ws/build/wmr_controller/package.xml -> /home/roboticslab/wmr_smc_project/ros2_ws/install/wmr_controller/share/wmr_controller
[1.253s] Invoked command in '/home/roboticslab/wmr_smc_project/ros2_ws/build/wmr_controller' returned '0': PYTHONPATH=/home/roboticslab/wmr_smc_project/ros2_ws/build/wmr_controller/prefix_override:/usr/lib/python3/dist-packages/colcon_core/task/python/colcon_distutils_commands:/home/roboticslab/wmr_smc_project/ros2_ws/install/wmr_controller/lib/python3.10/site-packages:${PYTHONPATH} /usr/bin/python3 -W ignore:setup.py install is deprecated -W ignore:easy_install command is deprecated setup.py develop --editable --build-directory /home/roboticslab/wmr_smc_project/ros2_ws/build/wmr_controller/build --no-deps symlink_data
